[13/Aug/2018 22:30:07] ERROR [django.request:228] Internal Server Error: /admin/login/
Traceback (most recent call last):
  File "C:\Users\asullom\.virtualenvs\nlotes2_serve-DjnkR6lL\lib\site-packages\django\core\handlers\exception.py", line 34, in inner
    response = get_response(request)
  File "C:\Users\asullom\.virtualenvs\nlotes2_serve-DjnkR6lL\lib\site-packages\django\core\handlers\base.py", line 156, in _get_response
    response = self.process_exception_by_middleware(e, request)
  File "C:\Users\asullom\.virtualenvs\nlotes2_serve-DjnkR6lL\lib\site-packages\django\core\handlers\base.py", line 154, in _get_response
    response = response.render()
  File "C:\Users\asullom\.virtualenvs\nlotes2_serve-DjnkR6lL\lib\site-packages\django\template\response.py", line 106, in render
    self.content = self.rendered_content
  File "C:\Users\asullom\.virtualenvs\nlotes2_serve-DjnkR6lL\lib\site-packages\django\template\response.py", line 83, in rendered_content
    content = template.render(context, self._request)
  File "C:\Users\asullom\.virtualenvs\nlotes2_serve-DjnkR6lL\lib\site-packages\django\template\backends\django.py", line 61, in render
    return self.template.render(context)
  File "C:\Users\asullom\.virtualenvs\nlotes2_serve-DjnkR6lL\lib\site-packages\django\template\base.py", line 169, in render
    with context.bind_template(self):
  File "C:\Python\Python36\Lib\contextlib.py", line 81, in __enter__
    return next(self.gen)
  File "C:\Users\asullom\.virtualenvs\nlotes2_serve-DjnkR6lL\lib\site-packages\django\template\context.py", line 242, in bind_template
    processors = (template.engine.template_context_processors +
  File "C:\Users\asullom\.virtualenvs\nlotes2_serve-DjnkR6lL\lib\site-packages\django\utils\functional.py", line 37, in __get__
    res = instance.__dict__[self.name] = self.func(instance)
  File "C:\Users\asullom\.virtualenvs\nlotes2_serve-DjnkR6lL\lib\site-packages\django\template\engine.py", line 85, in template_context_processors
    return tuple(import_string(path) for path in context_processors)
  File "C:\Users\asullom\.virtualenvs\nlotes2_serve-DjnkR6lL\lib\site-packages\django\template\engine.py", line 85, in <genexpr>
    return tuple(import_string(path) for path in context_processors)
  File "C:\Users\asullom\.virtualenvs\nlotes2_serve-DjnkR6lL\lib\site-packages\django\utils\module_loading.py", line 17, in import_string
    module = import_module(module_path)
  File "C:\Users\asullom\.virtualenvs\nlotes2_serve-DjnkR6lL\lib\importlib\__init__.py", line 126, in import_module
    return _bootstrap._gcd_import(name[level:], package, level)
  File "<frozen importlib._bootstrap>", line 994, in _gcd_import
  File "<frozen importlib._bootstrap>", line 971, in _find_and_load
  File "<frozen importlib._bootstrap>", line 953, in _find_and_load_unlocked
ModuleNotFoundError: No module named 'django.core.context_processors'
[13/Aug/2018 22:30:07] ERROR [django.server:124] "GET /admin/login/?next=/admin/ HTTP/1.1" 500 27
[13/Aug/2018 22:30:12] ERROR [django.request:228] Internal Server Error: /admin/login/
Traceback (most recent call last):
  File "C:\Users\asullom\.virtualenvs\nlotes2_serve-DjnkR6lL\lib\site-packages\django\core\handlers\exception.py", line 34, in inner
    response = get_response(request)
  File "C:\Users\asullom\.virtualenvs\nlotes2_serve-DjnkR6lL\lib\site-packages\django\core\handlers\base.py", line 156, in _get_response
    response = self.process_exception_by_middleware(e, request)
  File "C:\Users\asullom\.virtualenvs\nlotes2_serve-DjnkR6lL\lib\site-packages\django\core\handlers\base.py", line 154, in _get_response
    response = response.render()
  File "C:\Users\asullom\.virtualenvs\nlotes2_serve-DjnkR6lL\lib\site-packages\django\template\response.py", line 106, in render
    self.content = self.rendered_content
  File "C:\Users\asullom\.virtualenvs\nlotes2_serve-DjnkR6lL\lib\site-packages\django\template\response.py", line 83, in rendered_content
    content = template.render(context, self._request)
  File "C:\Users\asullom\.virtualenvs\nlotes2_serve-DjnkR6lL\lib\site-packages\django\template\backends\django.py", line 61, in render
    return self.template.render(context)
  File "C:\Users\asullom\.virtualenvs\nlotes2_serve-DjnkR6lL\lib\site-packages\django\template\base.py", line 169, in render
    with context.bind_template(self):
  File "C:\Python\Python36\Lib\contextlib.py", line 81, in __enter__
    return next(self.gen)
  File "C:\Users\asullom\.virtualenvs\nlotes2_serve-DjnkR6lL\lib\site-packages\django\template\context.py", line 242, in bind_template
    processors = (template.engine.template_context_processors +
  File "C:\Users\asullom\.virtualenvs\nlotes2_serve-DjnkR6lL\lib\site-packages\django\utils\functional.py", line 37, in __get__
    res = instance.__dict__[self.name] = self.func(instance)
  File "C:\Users\asullom\.virtualenvs\nlotes2_serve-DjnkR6lL\lib\site-packages\django\template\engine.py", line 85, in template_context_processors
    return tuple(import_string(path) for path in context_processors)
  File "C:\Users\asullom\.virtualenvs\nlotes2_serve-DjnkR6lL\lib\site-packages\django\template\engine.py", line 85, in <genexpr>
    return tuple(import_string(path) for path in context_processors)
  File "C:\Users\asullom\.virtualenvs\nlotes2_serve-DjnkR6lL\lib\site-packages\django\utils\module_loading.py", line 17, in import_string
    module = import_module(module_path)
  File "C:\Users\asullom\.virtualenvs\nlotes2_serve-DjnkR6lL\lib\importlib\__init__.py", line 126, in import_module
    return _bootstrap._gcd_import(name[level:], package, level)
  File "<frozen importlib._bootstrap>", line 994, in _gcd_import
  File "<frozen importlib._bootstrap>", line 971, in _find_and_load
  File "<frozen importlib._bootstrap>", line 953, in _find_and_load_unlocked
ModuleNotFoundError: No module named 'django.core.context_processors'
[13/Aug/2018 22:30:12] ERROR [django.server:124] "GET /admin/login/?next=/admin/ HTTP/1.1" 500 27
[13/Aug/2018 22:31:02] ERROR [django.request:228] Internal Server Error: /admin/login/
Traceback (most recent call last):
  File "C:\Users\asullom\.virtualenvs\nlotes2_serve-DjnkR6lL\lib\site-packages\django\core\handlers\exception.py", line 34, in inner
    response = get_response(request)
  File "C:\Users\asullom\.virtualenvs\nlotes2_serve-DjnkR6lL\lib\site-packages\django\core\handlers\base.py", line 156, in _get_response
    response = self.process_exception_by_middleware(e, request)
  File "C:\Users\asullom\.virtualenvs\nlotes2_serve-DjnkR6lL\lib\site-packages\django\core\handlers\base.py", line 154, in _get_response
    response = response.render()
  File "C:\Users\asullom\.virtualenvs\nlotes2_serve-DjnkR6lL\lib\site-packages\django\template\response.py", line 106, in render
    self.content = self.rendered_content
  File "C:\Users\asullom\.virtualenvs\nlotes2_serve-DjnkR6lL\lib\site-packages\django\template\response.py", line 83, in rendered_content
    content = template.render(context, self._request)
  File "C:\Users\asullom\.virtualenvs\nlotes2_serve-DjnkR6lL\lib\site-packages\django\template\backends\django.py", line 61, in render
    return self.template.render(context)
  File "C:\Users\asullom\.virtualenvs\nlotes2_serve-DjnkR6lL\lib\site-packages\django\template\base.py", line 169, in render
    with context.bind_template(self):
  File "C:\Python\Python36\Lib\contextlib.py", line 81, in __enter__
    return next(self.gen)
  File "C:\Users\asullom\.virtualenvs\nlotes2_serve-DjnkR6lL\lib\site-packages\django\template\context.py", line 242, in bind_template
    processors = (template.engine.template_context_processors +
  File "C:\Users\asullom\.virtualenvs\nlotes2_serve-DjnkR6lL\lib\site-packages\django\utils\functional.py", line 37, in __get__
    res = instance.__dict__[self.name] = self.func(instance)
  File "C:\Users\asullom\.virtualenvs\nlotes2_serve-DjnkR6lL\lib\site-packages\django\template\engine.py", line 85, in template_context_processors
    return tuple(import_string(path) for path in context_processors)
  File "C:\Users\asullom\.virtualenvs\nlotes2_serve-DjnkR6lL\lib\site-packages\django\template\engine.py", line 85, in <genexpr>
    return tuple(import_string(path) for path in context_processors)
  File "C:\Users\asullom\.virtualenvs\nlotes2_serve-DjnkR6lL\lib\site-packages\django\utils\module_loading.py", line 17, in import_string
    module = import_module(module_path)
  File "C:\Users\asullom\.virtualenvs\nlotes2_serve-DjnkR6lL\lib\importlib\__init__.py", line 126, in import_module
    return _bootstrap._gcd_import(name[level:], package, level)
  File "<frozen importlib._bootstrap>", line 994, in _gcd_import
  File "<frozen importlib._bootstrap>", line 971, in _find_and_load
  File "<frozen importlib._bootstrap>", line 953, in _find_and_load_unlocked
ModuleNotFoundError: No module named 'django.core.context_processors'
[13/Aug/2018 22:31:02] ERROR [django.server:124] "GET /admin/login/?next=/admin/ HTTP/1.1" 500 27
[13/Aug/2018 22:31:23] DEBUG [django.db.backends:111] (0.000) 
            SELECT name, type FROM sqlite_master
            WHERE type in ('table', 'view') AND NOT name='sqlite_sequence'
            ORDER BY name; args=None
[13/Aug/2018 22:31:23] DEBUG [django.db.backends:111] (0.000) SELECT "django_migrations"."app", "django_migrations"."name" FROM "django_migrations"; args=()
[13/Aug/2018 22:31:23] ERROR [django.request:228] Internal Server Error: /admin/login/
Traceback (most recent call last):
  File "C:\Users\asullom\.virtualenvs\nlotes2_serve-DjnkR6lL\lib\site-packages\django\core\handlers\exception.py", line 34, in inner
    response = get_response(request)
  File "C:\Users\asullom\.virtualenvs\nlotes2_serve-DjnkR6lL\lib\site-packages\django\core\handlers\base.py", line 156, in _get_response
    response = self.process_exception_by_middleware(e, request)
  File "C:\Users\asullom\.virtualenvs\nlotes2_serve-DjnkR6lL\lib\site-packages\django\core\handlers\base.py", line 154, in _get_response
    response = response.render()
  File "C:\Users\asullom\.virtualenvs\nlotes2_serve-DjnkR6lL\lib\site-packages\django\template\response.py", line 106, in render
    self.content = self.rendered_content
  File "C:\Users\asullom\.virtualenvs\nlotes2_serve-DjnkR6lL\lib\site-packages\django\template\response.py", line 83, in rendered_content
    content = template.render(context, self._request)
  File "C:\Users\asullom\.virtualenvs\nlotes2_serve-DjnkR6lL\lib\site-packages\django\template\backends\django.py", line 61, in render
    return self.template.render(context)
  File "C:\Users\asullom\.virtualenvs\nlotes2_serve-DjnkR6lL\lib\site-packages\django\template\base.py", line 169, in render
    with context.bind_template(self):
  File "C:\Python\Python36\Lib\contextlib.py", line 81, in __enter__
    return next(self.gen)
  File "C:\Users\asullom\.virtualenvs\nlotes2_serve-DjnkR6lL\lib\site-packages\django\template\context.py", line 242, in bind_template
    processors = (template.engine.template_context_processors +
  File "C:\Users\asullom\.virtualenvs\nlotes2_serve-DjnkR6lL\lib\site-packages\django\utils\functional.py", line 37, in __get__
    res = instance.__dict__[self.name] = self.func(instance)
  File "C:\Users\asullom\.virtualenvs\nlotes2_serve-DjnkR6lL\lib\site-packages\django\template\engine.py", line 85, in template_context_processors
    return tuple(import_string(path) for path in context_processors)
  File "C:\Users\asullom\.virtualenvs\nlotes2_serve-DjnkR6lL\lib\site-packages\django\template\engine.py", line 85, in <genexpr>
    return tuple(import_string(path) for path in context_processors)
  File "C:\Users\asullom\.virtualenvs\nlotes2_serve-DjnkR6lL\lib\site-packages\django\utils\module_loading.py", line 17, in import_string
    module = import_module(module_path)
  File "C:\Users\asullom\.virtualenvs\nlotes2_serve-DjnkR6lL\lib\importlib\__init__.py", line 126, in import_module
    return _bootstrap._gcd_import(name[level:], package, level)
  File "<frozen importlib._bootstrap>", line 994, in _gcd_import
  File "<frozen importlib._bootstrap>", line 971, in _find_and_load
  File "<frozen importlib._bootstrap>", line 953, in _find_and_load_unlocked
ModuleNotFoundError: No module named 'django.core.context_processors'
[13/Aug/2018 22:31:23] ERROR [django.server:124] "GET /admin/login/?next=/admin/ HTTP/1.1" 500 117598
[13/Aug/2018 22:32:12] DEBUG [django.db.backends:111] (0.000) 
            SELECT name, type FROM sqlite_master
            WHERE type in ('table', 'view') AND NOT name='sqlite_sequence'
            ORDER BY name; args=None
[13/Aug/2018 22:32:12] DEBUG [django.db.backends:111] (0.000) SELECT "django_migrations"."app", "django_migrations"."name" FROM "django_migrations"; args=()
[13/Aug/2018 22:32:16] DEBUG [django.db.backends:111] (0.001) 
            SELECT name, type FROM sqlite_master
            WHERE type in ('table', 'view') AND NOT name='sqlite_sequence'
            ORDER BY name; args=None
[13/Aug/2018 22:32:16] DEBUG [django.db.backends:111] (0.000) SELECT "django_migrations"."app", "django_migrations"."name" FROM "django_migrations"; args=()
[13/Aug/2018 22:32:17] DEBUG [django.template:872] Exception while resolving variable 'is_popup' in template 'admin/login.html'.
Traceback (most recent call last):
  File "C:\Users\asullom\.virtualenvs\nlotes2_serve-DjnkR6lL\lib\site-packages\django\template\base.py", line 829, in _resolve_lookup
    current = current[bit]
  File "C:\Users\asullom\.virtualenvs\nlotes2_serve-DjnkR6lL\lib\site-packages\django\template\context.py", line 83, in __getitem__
    raise KeyError(key)
KeyError: 'is_popup'

During handling of the above exception, another exception occurred:

Traceback (most recent call last):
  File "C:\Users\asullom\.virtualenvs\nlotes2_serve-DjnkR6lL\lib\site-packages\django\template\base.py", line 835, in _resolve_lookup
    if isinstance(current, BaseContext) and getattr(type(current), bit):
AttributeError: type object 'RequestContext' has no attribute 'is_popup'

During handling of the above exception, another exception occurred:

Traceback (most recent call last):
  File "C:\Users\asullom\.virtualenvs\nlotes2_serve-DjnkR6lL\lib\site-packages\django\template\base.py", line 843, in _resolve_lookup
    current = current[int(bit)]
ValueError: invalid literal for int() with base 10: 'is_popup'

During handling of the above exception, another exception occurred:

Traceback (most recent call last):
  File "C:\Users\asullom\.virtualenvs\nlotes2_serve-DjnkR6lL\lib\site-packages\django\template\base.py", line 850, in _resolve_lookup
    (bit, current))  # missing attribute
django.template.base.VariableDoesNotExist: Failed lookup for key [is_popup] in [{'True': True, 'False': False, 'None': None}, {'csrf_token': <SimpleLazyObject: <function csrf.<locals>._get_val at 0x0000023EE7AF89D8>>, 'request': <WSGIRequest: GET '/admin/login/?next=/admin/'>, 'user': <SimpleLazyObject: <django.contrib.auth.models.AnonymousUser object at 0x0000023EE7AFA630>>, 'perms': <django.contrib.auth.context_processors.PermWrapper object at 0x0000023EE7B3AEF0>, 'messages': <django.contrib.messages.storage.fallback.FallbackStorage object at 0x0000023EE7A52BE0>, 'DEFAULT_MESSAGE_LEVELS': {'DEBUG': 10, 'INFO': 20, 'SUCCESS': 25, 'WARNING': 30, 'ERROR': 40}}, {}, {'form': <AdminAuthenticationForm bound=False, valid=Unknown, fields=(username;password)>, 'view': <django.contrib.auth.views.LoginView object at 0x0000023EE7AFA5F8>, 'site_title': 'Django site admin', 'site_header': 'Django administration', 'site_url': '/', 'has_permission': False, 'available_apps': [], 'title': 'Log in', 'app_path': '/admin/login/?next=/admin/', 'username': '', 'next': '/admin/', 'site': <django.contrib.sites.requests.RequestSite object at 0x0000023EE7B13668>, 'site_name': 'localhost:8081', 'LANGUAGE_CODE': 'en-us', 'LANGUAGE_BIDI': False}]
[13/Aug/2018 22:32:17] DEBUG [django.template:872] Exception while resolving variable 'is_popup' in template 'admin/login.html'.
Traceback (most recent call last):
  File "C:\Users\asullom\.virtualenvs\nlotes2_serve-DjnkR6lL\lib\site-packages\django\template\base.py", line 829, in _resolve_lookup
    current = current[bit]
  File "C:\Users\asullom\.virtualenvs\nlotes2_serve-DjnkR6lL\lib\site-packages\django\template\context.py", line 83, in __getitem__
    raise KeyError(key)
KeyError: 'is_popup'

During handling of the above exception, another exception occurred:

Traceback (most recent call last):
  File "C:\Users\asullom\.virtualenvs\nlotes2_serve-DjnkR6lL\lib\site-packages\django\template\base.py", line 835, in _resolve_lookup
    if isinstance(current, BaseContext) and getattr(type(current), bit):
AttributeError: type object 'RequestContext' has no attribute 'is_popup'

During handling of the above exception, another exception occurred:

Traceback (most recent call last):
  File "C:\Users\asullom\.virtualenvs\nlotes2_serve-DjnkR6lL\lib\site-packages\django\template\base.py", line 843, in _resolve_lookup
    current = current[int(bit)]
ValueError: invalid literal for int() with base 10: 'is_popup'

During handling of the above exception, another exception occurred:

Traceback (most recent call last):
  File "C:\Users\asullom\.virtualenvs\nlotes2_serve-DjnkR6lL\lib\site-packages\django\template\base.py", line 850, in _resolve_lookup
    (bit, current))  # missing attribute
django.template.base.VariableDoesNotExist: Failed lookup for key [is_popup] in [{'True': True, 'False': False, 'None': None}, {'csrf_token': <SimpleLazyObject: <function csrf.<locals>._get_val at 0x0000023EE7AF89D8>>, 'request': <WSGIRequest: GET '/admin/login/?next=/admin/'>, 'user': <SimpleLazyObject: <django.contrib.auth.models.AnonymousUser object at 0x0000023EE7AFA630>>, 'perms': <django.contrib.auth.context_processors.PermWrapper object at 0x0000023EE7B3AEF0>, 'messages': <django.contrib.messages.storage.fallback.FallbackStorage object at 0x0000023EE7A52BE0>, 'DEFAULT_MESSAGE_LEVELS': {'DEBUG': 10, 'INFO': 20, 'SUCCESS': 25, 'WARNING': 30, 'ERROR': 40}}, {}, {'form': <AdminAuthenticationForm bound=False, valid=Unknown, fields=(username;password)>, 'view': <django.contrib.auth.views.LoginView object at 0x0000023EE7AFA5F8>, 'site_title': 'Django site admin', 'site_header': 'Django administration', 'site_url': '/', 'has_permission': False, 'available_apps': [], 'title': 'Log in', 'app_path': '/admin/login/?next=/admin/', 'username': '', 'next': '/admin/', 'site': <django.contrib.sites.requests.RequestSite object at 0x0000023EE7B13668>, 'site_name': 'localhost:8081', 'LANGUAGE_CODE': 'en-us', 'LANGUAGE_BIDI': False}]
[13/Aug/2018 22:32:17] INFO [django.server:124] "GET /admin/login/?next=/admin/ HTTP/1.1" 200 1819
[13/Aug/2018 22:32:17] INFO [django.server:124] "GET /static/admin/css/base.css HTTP/1.1" 304 0
[13/Aug/2018 22:32:17] INFO [django.server:124] "GET /static/admin/css/responsive.css HTTP/1.1" 304 0
[13/Aug/2018 22:32:17] INFO [django.server:124] "GET /static/admin/css/fonts.css HTTP/1.1" 304 0
[13/Aug/2018 22:32:17] INFO [django.server:124] "GET /static/admin/css/login.css HTTP/1.1" 304 0
[13/Aug/2018 22:32:17] INFO [django.server:124] "GET /static/admin/fonts/Roboto-Regular-webfont.woff HTTP/1.1" 304 0
[13/Aug/2018 22:32:17] INFO [django.server:124] "GET /static/admin/fonts/Roboto-Light-webfont.woff HTTP/1.1" 304 0
[13/Aug/2018 22:32:36] DEBUG [django.db.backends:111] (0.001) 
            SELECT name, type FROM sqlite_master
            WHERE type in ('table', 'view') AND NOT name='sqlite_sequence'
            ORDER BY name; args=None
[13/Aug/2018 22:32:36] DEBUG [django.db.backends:111] (0.000) SELECT "django_migrations"."app", "django_migrations"."name" FROM "django_migrations"; args=()
[13/Aug/2018 22:32:39] DEBUG [django.db.backends:111] (0.000) 
            SELECT name, type FROM sqlite_master
            WHERE type in ('table', 'view') AND NOT name='sqlite_sequence'
            ORDER BY name; args=None
[13/Aug/2018 22:32:39] DEBUG [django.db.backends:111] (0.000) SELECT "django_migrations"."app", "django_migrations"."name" FROM "django_migrations"; args=()
[13/Aug/2018 22:32:40] ERROR [django.request:228] Internal Server Error: /admin/login/
Traceback (most recent call last):
  File "C:\Users\asullom\.virtualenvs\nlotes2_serve-DjnkR6lL\lib\site-packages\django\core\handlers\exception.py", line 34, in inner
    response = get_response(request)
  File "C:\Users\asullom\.virtualenvs\nlotes2_serve-DjnkR6lL\lib\site-packages\django\core\handlers\base.py", line 156, in _get_response
    response = self.process_exception_by_middleware(e, request)
  File "C:\Users\asullom\.virtualenvs\nlotes2_serve-DjnkR6lL\lib\site-packages\django\core\handlers\base.py", line 154, in _get_response
    response = response.render()
  File "C:\Users\asullom\.virtualenvs\nlotes2_serve-DjnkR6lL\lib\site-packages\django\template\response.py", line 106, in render
    self.content = self.rendered_content
  File "C:\Users\asullom\.virtualenvs\nlotes2_serve-DjnkR6lL\lib\site-packages\django\template\response.py", line 83, in rendered_content
    content = template.render(context, self._request)
  File "C:\Users\asullom\.virtualenvs\nlotes2_serve-DjnkR6lL\lib\site-packages\django\template\backends\django.py", line 61, in render
    return self.template.render(context)
  File "C:\Users\asullom\.virtualenvs\nlotes2_serve-DjnkR6lL\lib\site-packages\django\template\base.py", line 169, in render
    with context.bind_template(self):
  File "C:\Python\Python36\Lib\contextlib.py", line 81, in __enter__
    return next(self.gen)
  File "C:\Users\asullom\.virtualenvs\nlotes2_serve-DjnkR6lL\lib\site-packages\django\template\context.py", line 242, in bind_template
    processors = (template.engine.template_context_processors +
  File "C:\Users\asullom\.virtualenvs\nlotes2_serve-DjnkR6lL\lib\site-packages\django\utils\functional.py", line 37, in __get__
    res = instance.__dict__[self.name] = self.func(instance)
  File "C:\Users\asullom\.virtualenvs\nlotes2_serve-DjnkR6lL\lib\site-packages\django\template\engine.py", line 85, in template_context_processors
    return tuple(import_string(path) for path in context_processors)
  File "C:\Users\asullom\.virtualenvs\nlotes2_serve-DjnkR6lL\lib\site-packages\django\template\engine.py", line 85, in <genexpr>
    return tuple(import_string(path) for path in context_processors)
  File "C:\Users\asullom\.virtualenvs\nlotes2_serve-DjnkR6lL\lib\site-packages\django\utils\module_loading.py", line 17, in import_string
    module = import_module(module_path)
  File "C:\Users\asullom\.virtualenvs\nlotes2_serve-DjnkR6lL\lib\importlib\__init__.py", line 126, in import_module
    return _bootstrap._gcd_import(name[level:], package, level)
  File "<frozen importlib._bootstrap>", line 994, in _gcd_import
  File "<frozen importlib._bootstrap>", line 971, in _find_and_load
  File "<frozen importlib._bootstrap>", line 953, in _find_and_load_unlocked
ModuleNotFoundError: No module named 'django.core.context_processors'
[13/Aug/2018 22:32:40] ERROR [django.server:124] "GET /admin/login/?next=/admin/ HTTP/1.1" 500 117419
[13/Aug/2018 22:32:56] DEBUG [django.db.backends:111] (0.000) 
            SELECT name, type FROM sqlite_master
            WHERE type in ('table', 'view') AND NOT name='sqlite_sequence'
            ORDER BY name; args=None
[13/Aug/2018 22:32:56] DEBUG [django.db.backends:111] (0.000) SELECT "django_migrations"."app", "django_migrations"."name" FROM "django_migrations"; args=()
[13/Aug/2018 22:32:57] DEBUG [django.template:872] Exception while resolving variable 'is_popup' in template 'admin/login.html'.
Traceback (most recent call last):
  File "C:\Users\asullom\.virtualenvs\nlotes2_serve-DjnkR6lL\lib\site-packages\django\template\base.py", line 829, in _resolve_lookup
    current = current[bit]
  File "C:\Users\asullom\.virtualenvs\nlotes2_serve-DjnkR6lL\lib\site-packages\django\template\context.py", line 83, in __getitem__
    raise KeyError(key)
KeyError: 'is_popup'

During handling of the above exception, another exception occurred:

Traceback (most recent call last):
  File "C:\Users\asullom\.virtualenvs\nlotes2_serve-DjnkR6lL\lib\site-packages\django\template\base.py", line 835, in _resolve_lookup
    if isinstance(current, BaseContext) and getattr(type(current), bit):
AttributeError: type object 'RequestContext' has no attribute 'is_popup'

During handling of the above exception, another exception occurred:

Traceback (most recent call last):
  File "C:\Users\asullom\.virtualenvs\nlotes2_serve-DjnkR6lL\lib\site-packages\django\template\base.py", line 843, in _resolve_lookup
    current = current[int(bit)]
ValueError: invalid literal for int() with base 10: 'is_popup'

During handling of the above exception, another exception occurred:

Traceback (most recent call last):
  File "C:\Users\asullom\.virtualenvs\nlotes2_serve-DjnkR6lL\lib\site-packages\django\template\base.py", line 850, in _resolve_lookup
    (bit, current))  # missing attribute
django.template.base.VariableDoesNotExist: Failed lookup for key [is_popup] in [{'True': True, 'False': False, 'None': None}, {'csrf_token': <SimpleLazyObject: <function csrf.<locals>._get_val at 0x0000022D3EB479D8>>, 'request': <WSGIRequest: GET '/admin/login/?next=/admin/'>, 'user': <SimpleLazyObject: <django.contrib.auth.models.AnonymousUser object at 0x0000022D3EB4A630>>, 'perms': <django.contrib.auth.context_processors.PermWrapper object at 0x0000022D3EB92438>, 'messages': <django.contrib.messages.storage.fallback.FallbackStorage object at 0x0000022D3E2A3BE0>, 'DEFAULT_MESSAGE_LEVELS': {'DEBUG': 10, 'INFO': 20, 'SUCCESS': 25, 'WARNING': 30, 'ERROR': 40}, 'MEDIA_URL': '/media/', 'STATIC_URL': '/static/'}, {}, {'form': <AdminAuthenticationForm bound=False, valid=Unknown, fields=(username;password)>, 'view': <django.contrib.auth.views.LoginView object at 0x0000022D3EB4A5F8>, 'site_title': 'Django site admin', 'site_header': 'Django administration', 'site_url': '/', 'has_permission': False, 'available_apps': [], 'title': 'Log in', 'app_path': '/admin/login/?next=/admin/', 'username': '', 'next': '/admin/', 'site': <django.contrib.sites.requests.RequestSite object at 0x0000022D3EB63668>, 'site_name': 'localhost:8081', 'LANGUAGE_CODE': 'en-us', 'LANGUAGE_BIDI': False}]
[13/Aug/2018 22:32:57] DEBUG [django.template:872] Exception while resolving variable 'is_popup' in template 'admin/login.html'.
Traceback (most recent call last):
  File "C:\Users\asullom\.virtualenvs\nlotes2_serve-DjnkR6lL\lib\site-packages\django\template\base.py", line 829, in _resolve_lookup
    current = current[bit]
  File "C:\Users\asullom\.virtualenvs\nlotes2_serve-DjnkR6lL\lib\site-packages\django\template\context.py", line 83, in __getitem__
    raise KeyError(key)
KeyError: 'is_popup'

During handling of the above exception, another exception occurred:

Traceback (most recent call last):
  File "C:\Users\asullom\.virtualenvs\nlotes2_serve-DjnkR6lL\lib\site-packages\django\template\base.py", line 835, in _resolve_lookup
    if isinstance(current, BaseContext) and getattr(type(current), bit):
AttributeError: type object 'RequestContext' has no attribute 'is_popup'

During handling of the above exception, another exception occurred:

Traceback (most recent call last):
  File "C:\Users\asullom\.virtualenvs\nlotes2_serve-DjnkR6lL\lib\site-packages\django\template\base.py", line 843, in _resolve_lookup
    current = current[int(bit)]
ValueError: invalid literal for int() with base 10: 'is_popup'

During handling of the above exception, another exception occurred:

Traceback (most recent call last):
  File "C:\Users\asullom\.virtualenvs\nlotes2_serve-DjnkR6lL\lib\site-packages\django\template\base.py", line 850, in _resolve_lookup
    (bit, current))  # missing attribute
django.template.base.VariableDoesNotExist: Failed lookup for key [is_popup] in [{'True': True, 'False': False, 'None': None}, {'csrf_token': <SimpleLazyObject: <function csrf.<locals>._get_val at 0x0000022D3EB479D8>>, 'request': <WSGIRequest: GET '/admin/login/?next=/admin/'>, 'user': <SimpleLazyObject: <django.contrib.auth.models.AnonymousUser object at 0x0000022D3EB4A630>>, 'perms': <django.contrib.auth.context_processors.PermWrapper object at 0x0000022D3EB92438>, 'messages': <django.contrib.messages.storage.fallback.FallbackStorage object at 0x0000022D3E2A3BE0>, 'DEFAULT_MESSAGE_LEVELS': {'DEBUG': 10, 'INFO': 20, 'SUCCESS': 25, 'WARNING': 30, 'ERROR': 40}, 'MEDIA_URL': '/media/', 'STATIC_URL': '/static/'}, {}, {'form': <AdminAuthenticationForm bound=False, valid=Unknown, fields=(username;password)>, 'view': <django.contrib.auth.views.LoginView object at 0x0000022D3EB4A5F8>, 'site_title': 'Django site admin', 'site_header': 'Django administration', 'site_url': '/', 'has_permission': False, 'available_apps': [], 'title': 'Log in', 'app_path': '/admin/login/?next=/admin/', 'username': '', 'next': '/admin/', 'site': <django.contrib.sites.requests.RequestSite object at 0x0000022D3EB63668>, 'site_name': 'localhost:8081', 'LANGUAGE_CODE': 'en-us', 'LANGUAGE_BIDI': False}]
[13/Aug/2018 22:32:57] INFO [django.server:124] "GET /admin/login/?next=/admin/ HTTP/1.1" 200 1819
[13/Aug/2018 22:32:57] INFO [django.server:124] "GET /static/admin/css/base.css HTTP/1.1" 304 0
[13/Aug/2018 22:32:58] INFO [django.server:124] "GET /static/admin/css/responsive.css HTTP/1.1" 304 0
[13/Aug/2018 22:32:58] INFO [django.server:124] "GET /static/admin/css/fonts.css HTTP/1.1" 304 0
[13/Aug/2018 22:32:58] INFO [django.server:124] "GET /static/admin/css/login.css HTTP/1.1" 304 0
[13/Aug/2018 22:32:58] INFO [django.server:124] "GET /static/admin/fonts/Roboto-Regular-webfont.woff HTTP/1.1" 304 0
[13/Aug/2018 22:32:58] INFO [django.server:124] "GET /static/admin/fonts/Roboto-Light-webfont.woff HTTP/1.1" 304 0
[13/Aug/2018 22:33:16] DEBUG [django.db.backends:111] (0.001) 
            SELECT name, type FROM sqlite_master
            WHERE type in ('table', 'view') AND NOT name='sqlite_sequence'
            ORDER BY name; args=None
[13/Aug/2018 22:33:16] DEBUG [django.db.backends:111] (0.000) SELECT "django_migrations"."app", "django_migrations"."name" FROM "django_migrations"; args=()
[13/Aug/2018 22:33:17] DEBUG [django.template:872] Exception while resolving variable 'is_popup' in template 'admin/login.html'.
Traceback (most recent call last):
  File "C:\Users\asullom\.virtualenvs\nlotes2_serve-DjnkR6lL\lib\site-packages\django\template\base.py", line 829, in _resolve_lookup
    current = current[bit]
  File "C:\Users\asullom\.virtualenvs\nlotes2_serve-DjnkR6lL\lib\site-packages\django\template\context.py", line 83, in __getitem__
    raise KeyError(key)
KeyError: 'is_popup'

During handling of the above exception, another exception occurred:

Traceback (most recent call last):
  File "C:\Users\asullom\.virtualenvs\nlotes2_serve-DjnkR6lL\lib\site-packages\django\template\base.py", line 835, in _resolve_lookup
    if isinstance(current, BaseContext) and getattr(type(current), bit):
AttributeError: type object 'RequestContext' has no attribute 'is_popup'

During handling of the above exception, another exception occurred:

Traceback (most recent call last):
  File "C:\Users\asullom\.virtualenvs\nlotes2_serve-DjnkR6lL\lib\site-packages\django\template\base.py", line 843, in _resolve_lookup
    current = current[int(bit)]
ValueError: invalid literal for int() with base 10: 'is_popup'

During handling of the above exception, another exception occurred:

Traceback (most recent call last):
  File "C:\Users\asullom\.virtualenvs\nlotes2_serve-DjnkR6lL\lib\site-packages\django\template\base.py", line 850, in _resolve_lookup
    (bit, current))  # missing attribute
django.template.base.VariableDoesNotExist: Failed lookup for key [is_popup] in [{'True': True, 'False': False, 'None': None}, {'csrf_token': <SimpleLazyObject: <function csrf.<locals>._get_val at 0x0000014A84EA89D8>>, 'request': <WSGIRequest: GET '/admin/login/?next=/admin/'>, 'user': <SimpleLazyObject: <django.contrib.auth.models.AnonymousUser object at 0x0000014A84EAA5F8>>, 'perms': <django.contrib.auth.context_processors.PermWrapper object at 0x0000014A84EF24A8>, 'messages': <django.contrib.messages.storage.fallback.FallbackStorage object at 0x0000014A84E03BA8>, 'DEFAULT_MESSAGE_LEVELS': {'DEBUG': 10, 'INFO': 20, 'SUCCESS': 25, 'WARNING': 30, 'ERROR': 40}, 'LANGUAGES': [('af', 'Afrikaans'), ('ar', 'Arabic'), ('ast', 'Asturian'), ('az', 'Azerbaijani'), ('bg', 'Bulgarian'), ('be', 'Belarusian'), ('bn', 'Bengali'), ('br', 'Breton'), ('bs', 'Bosnian'), ('ca', 'Catalan'), ('cs', 'Czech'), ('cy', 'Welsh'), ('da', 'Danish'), ('de', 'German'), ('dsb', 'Lower Sorbian'), ('el', 'Greek'), ('en', 'English'), ('en-au', 'Australian English'), ('en-gb', 'British English'), ('eo', 'Esperanto'), ('es', 'Spanish'), ('es-ar', 'Argentinian Spanish'), ('es-co', 'Colombian Spanish'), ('es-mx', 'Mexican Spanish'), ('es-ni', 'Nicaraguan Spanish'), ('es-ve', 'Venezuelan Spanish'), ('et', 'Estonian'), ('eu', 'Basque'), ('fa', 'Persian'), ('fi', 'Finnish'), ('fr', 'French'), ('fy', 'Frisian'), ('ga', 'Irish'), ('gd', 'Scottish Gaelic'), ('gl', 'Galician'), ('he', 'Hebrew'), ('hi', 'Hindi'), ('hr', 'Croatian'), ('hsb', 'Upper Sorbian'), ('hu', 'Hungarian'), ('ia', 'Interlingua'), ('id', 'Indonesian'), ('io', 'Ido'), ('is', 'Icelandic'), ('it', 'Italian'), ('ja', 'Japanese'), ('ka', 'Georgian'), ('kab', 'Kabyle'), ('kk', 'Kazakh'), ('km', 'Khmer'), ('kn', 'Kannada'), ('ko', 'Korean'), ('lb', 'Luxembourgish'), ('lt', 'Lithuanian'), ('lv', 'Latvian'), ('mk', 'Macedonian'), ('ml', 'Malayalam'), ('mn', 'Mongolian'), ('mr', 'Marathi'), ('my', 'Burmese'), ('nb', 'Norwegian Bokmål'), ('ne', 'Nepali'), ('nl', 'Dutch'), ('nn', 'Norwegian Nynorsk'), ('os', 'Ossetic'), ('pa', 'Punjabi'), ('pl', 'Polish'), ('pt', 'Portuguese'), ('pt-br', 'Brazilian Portuguese'), ('ro', 'Romanian'), ('ru', 'Russian'), ('sk', 'Slovak'), ('sl', 'Slovenian'), ('sq', 'Albanian'), ('sr', 'Serbian'), ('sr-latn', 'Serbian Latin'), ('sv', 'Swedish'), ('sw', 'Swahili'), ('ta', 'Tamil'), ('te', 'Telugu'), ('th', 'Thai'), ('tr', 'Turkish'), ('tt', 'Tatar'), ('udm', 'Udmurt'), ('uk', 'Ukrainian'), ('ur', 'Urdu'), ('vi', 'Vietnamese'), ('zh-hans', 'Simplified Chinese'), ('zh-hant', 'Traditional Chinese')], 'LANGUAGE_CODE': 'en-us', 'LANGUAGE_BIDI': False, 'MEDIA_URL': '/media/', 'STATIC_URL': '/static/', 'TIME_ZONE': 'UTC'}, {}, {'form': <AdminAuthenticationForm bound=False, valid=Unknown, fields=(username;password)>, 'view': <django.contrib.auth.views.LoginView object at 0x0000014A84EAA5C0>, 'site_title': 'Django site admin', 'site_header': 'Django administration', 'site_url': '/', 'has_permission': False, 'available_apps': [], 'title': 'Log in', 'app_path': '/admin/login/?next=/admin/', 'username': '', 'next': '/admin/', 'site': <django.contrib.sites.requests.RequestSite object at 0x0000014A84EC45F8>, 'site_name': 'localhost:8081', 'LANGUAGE_CODE': 'en-us', 'LANGUAGE_BIDI': False}]
[13/Aug/2018 22:33:17] DEBUG [django.template:872] Exception while resolving variable 'is_popup' in template 'admin/login.html'.
Traceback (most recent call last):
  File "C:\Users\asullom\.virtualenvs\nlotes2_serve-DjnkR6lL\lib\site-packages\django\template\base.py", line 829, in _resolve_lookup
    current = current[bit]
  File "C:\Users\asullom\.virtualenvs\nlotes2_serve-DjnkR6lL\lib\site-packages\django\template\context.py", line 83, in __getitem__
    raise KeyError(key)
KeyError: 'is_popup'

During handling of the above exception, another exception occurred:

Traceback (most recent call last):
  File "C:\Users\asullom\.virtualenvs\nlotes2_serve-DjnkR6lL\lib\site-packages\django\template\base.py", line 835, in _resolve_lookup
    if isinstance(current, BaseContext) and getattr(type(current), bit):
AttributeError: type object 'RequestContext' has no attribute 'is_popup'

During handling of the above exception, another exception occurred:

Traceback (most recent call last):
  File "C:\Users\asullom\.virtualenvs\nlotes2_serve-DjnkR6lL\lib\site-packages\django\template\base.py", line 843, in _resolve_lookup
    current = current[int(bit)]
ValueError: invalid literal for int() with base 10: 'is_popup'

During handling of the above exception, another exception occurred:

Traceback (most recent call last):
  File "C:\Users\asullom\.virtualenvs\nlotes2_serve-DjnkR6lL\lib\site-packages\django\template\base.py", line 850, in _resolve_lookup
    (bit, current))  # missing attribute
django.template.base.VariableDoesNotExist: Failed lookup for key [is_popup] in [{'True': True, 'False': False, 'None': None}, {'csrf_token': <SimpleLazyObject: <function csrf.<locals>._get_val at 0x0000014A84EA89D8>>, 'request': <WSGIRequest: GET '/admin/login/?next=/admin/'>, 'user': <SimpleLazyObject: <django.contrib.auth.models.AnonymousUser object at 0x0000014A84EAA5F8>>, 'perms': <django.contrib.auth.context_processors.PermWrapper object at 0x0000014A84EF24A8>, 'messages': <django.contrib.messages.storage.fallback.FallbackStorage object at 0x0000014A84E03BA8>, 'DEFAULT_MESSAGE_LEVELS': {'DEBUG': 10, 'INFO': 20, 'SUCCESS': 25, 'WARNING': 30, 'ERROR': 40}, 'LANGUAGES': [('af', 'Afrikaans'), ('ar', 'Arabic'), ('ast', 'Asturian'), ('az', 'Azerbaijani'), ('bg', 'Bulgarian'), ('be', 'Belarusian'), ('bn', 'Bengali'), ('br', 'Breton'), ('bs', 'Bosnian'), ('ca', 'Catalan'), ('cs', 'Czech'), ('cy', 'Welsh'), ('da', 'Danish'), ('de', 'German'), ('dsb', 'Lower Sorbian'), ('el', 'Greek'), ('en', 'English'), ('en-au', 'Australian English'), ('en-gb', 'British English'), ('eo', 'Esperanto'), ('es', 'Spanish'), ('es-ar', 'Argentinian Spanish'), ('es-co', 'Colombian Spanish'), ('es-mx', 'Mexican Spanish'), ('es-ni', 'Nicaraguan Spanish'), ('es-ve', 'Venezuelan Spanish'), ('et', 'Estonian'), ('eu', 'Basque'), ('fa', 'Persian'), ('fi', 'Finnish'), ('fr', 'French'), ('fy', 'Frisian'), ('ga', 'Irish'), ('gd', 'Scottish Gaelic'), ('gl', 'Galician'), ('he', 'Hebrew'), ('hi', 'Hindi'), ('hr', 'Croatian'), ('hsb', 'Upper Sorbian'), ('hu', 'Hungarian'), ('ia', 'Interlingua'), ('id', 'Indonesian'), ('io', 'Ido'), ('is', 'Icelandic'), ('it', 'Italian'), ('ja', 'Japanese'), ('ka', 'Georgian'), ('kab', 'Kabyle'), ('kk', 'Kazakh'), ('km', 'Khmer'), ('kn', 'Kannada'), ('ko', 'Korean'), ('lb', 'Luxembourgish'), ('lt', 'Lithuanian'), ('lv', 'Latvian'), ('mk', 'Macedonian'), ('ml', 'Malayalam'), ('mn', 'Mongolian'), ('mr', 'Marathi'), ('my', 'Burmese'), ('nb', 'Norwegian Bokmål'), ('ne', 'Nepali'), ('nl', 'Dutch'), ('nn', 'Norwegian Nynorsk'), ('os', 'Ossetic'), ('pa', 'Punjabi'), ('pl', 'Polish'), ('pt', 'Portuguese'), ('pt-br', 'Brazilian Portuguese'), ('ro', 'Romanian'), ('ru', 'Russian'), ('sk', 'Slovak'), ('sl', 'Slovenian'), ('sq', 'Albanian'), ('sr', 'Serbian'), ('sr-latn', 'Serbian Latin'), ('sv', 'Swedish'), ('sw', 'Swahili'), ('ta', 'Tamil'), ('te', 'Telugu'), ('th', 'Thai'), ('tr', 'Turkish'), ('tt', 'Tatar'), ('udm', 'Udmurt'), ('uk', 'Ukrainian'), ('ur', 'Urdu'), ('vi', 'Vietnamese'), ('zh-hans', 'Simplified Chinese'), ('zh-hant', 'Traditional Chinese')], 'LANGUAGE_CODE': 'en-us', 'LANGUAGE_BIDI': False, 'MEDIA_URL': '/media/', 'STATIC_URL': '/static/', 'TIME_ZONE': 'UTC'}, {}, {'form': <AdminAuthenticationForm bound=False, valid=Unknown, fields=(username;password)>, 'view': <django.contrib.auth.views.LoginView object at 0x0000014A84EAA5C0>, 'site_title': 'Django site admin', 'site_header': 'Django administration', 'site_url': '/', 'has_permission': False, 'available_apps': [], 'title': 'Log in', 'app_path': '/admin/login/?next=/admin/', 'username': '', 'next': '/admin/', 'site': <django.contrib.sites.requests.RequestSite object at 0x0000014A84EC45F8>, 'site_name': 'localhost:8081', 'LANGUAGE_CODE': 'en-us', 'LANGUAGE_BIDI': False}]
[13/Aug/2018 22:33:17] INFO [django.server:124] "GET /admin/login/?next=/admin/ HTTP/1.1" 200 1819
[13/Aug/2018 22:33:17] INFO [django.server:124] "GET /static/admin/css/base.css HTTP/1.1" 304 0
[13/Aug/2018 22:33:17] INFO [django.server:124] "GET /static/admin/css/responsive.css HTTP/1.1" 304 0
[13/Aug/2018 22:33:17] INFO [django.server:124] "GET /static/admin/css/fonts.css HTTP/1.1" 304 0
[13/Aug/2018 22:33:17] INFO [django.server:124] "GET /static/admin/css/login.css HTTP/1.1" 304 0
[13/Aug/2018 22:33:17] INFO [django.server:124] "GET /static/admin/fonts/Roboto-Regular-webfont.woff HTTP/1.1" 304 0
[13/Aug/2018 22:33:17] INFO [django.server:124] "GET /static/admin/fonts/Roboto-Light-webfont.woff HTTP/1.1" 304 0
[13/Aug/2018 22:33:31] ERROR [django.request:228] Internal Server Error: /admin/login/
Traceback (most recent call last):
  File "C:\Users\asullom\.virtualenvs\nlotes2_serve-DjnkR6lL\lib\site-packages\django\core\handlers\exception.py", line 34, in inner
    response = get_response(request)
  File "C:\Users\asullom\.virtualenvs\nlotes2_serve-DjnkR6lL\lib\site-packages\django\core\handlers\base.py", line 156, in _get_response
    response = self.process_exception_by_middleware(e, request)
  File "C:\Users\asullom\.virtualenvs\nlotes2_serve-DjnkR6lL\lib\site-packages\django\core\handlers\base.py", line 154, in _get_response
    response = response.render()
  File "C:\Users\asullom\.virtualenvs\nlotes2_serve-DjnkR6lL\lib\site-packages\django\template\response.py", line 106, in render
    self.content = self.rendered_content
  File "C:\Users\asullom\.virtualenvs\nlotes2_serve-DjnkR6lL\lib\site-packages\django\template\response.py", line 83, in rendered_content
    content = template.render(context, self._request)
  File "C:\Users\asullom\.virtualenvs\nlotes2_serve-DjnkR6lL\lib\site-packages\django\template\backends\django.py", line 61, in render
    return self.template.render(context)
  File "C:\Users\asullom\.virtualenvs\nlotes2_serve-DjnkR6lL\lib\site-packages\django\template\base.py", line 171, in render
    return self._render(context)
  File "C:\Users\asullom\.virtualenvs\nlotes2_serve-DjnkR6lL\lib\site-packages\django\template\base.py", line 163, in _render
    return self.nodelist.render(context)
  File "C:\Users\asullom\.virtualenvs\nlotes2_serve-DjnkR6lL\lib\site-packages\django\template\base.py", line 937, in render
    bit = node.render_annotated(context)
  File "C:\Users\asullom\.virtualenvs\nlotes2_serve-DjnkR6lL\lib\site-packages\django\template\base.py", line 904, in render_annotated
    return self.render(context)
  File "C:\Users\asullom\.virtualenvs\nlotes2_serve-DjnkR6lL\lib\site-packages\django\template\loader_tags.py", line 150, in render
    return compiled_parent._render(context)
  File "C:\Users\asullom\.virtualenvs\nlotes2_serve-DjnkR6lL\lib\site-packages\django\template\base.py", line 163, in _render
    return self.nodelist.render(context)
  File "C:\Users\asullom\.virtualenvs\nlotes2_serve-DjnkR6lL\lib\site-packages\django\template\base.py", line 937, in render
    bit = node.render_annotated(context)
  File "C:\Users\asullom\.virtualenvs\nlotes2_serve-DjnkR6lL\lib\site-packages\django\template\base.py", line 904, in render_annotated
    return self.render(context)
  File "C:\Users\asullom\.virtualenvs\nlotes2_serve-DjnkR6lL\lib\site-packages\django\template\loader_tags.py", line 150, in render
    return compiled_parent._render(context)
  File "C:\Users\asullom\.virtualenvs\nlotes2_serve-DjnkR6lL\lib\site-packages\django\template\base.py", line 163, in _render
    return self.nodelist.render(context)
  File "C:\Users\asullom\.virtualenvs\nlotes2_serve-DjnkR6lL\lib\site-packages\django\template\base.py", line 937, in render
    bit = node.render_annotated(context)
  File "C:\Users\asullom\.virtualenvs\nlotes2_serve-DjnkR6lL\lib\site-packages\django\template\base.py", line 904, in render_annotated
    return self.render(context)
  File "C:\Users\asullom\.virtualenvs\nlotes2_serve-DjnkR6lL\lib\site-packages\django\template\loader_tags.py", line 62, in render
    result = block.nodelist.render(context)
  File "C:\Users\asullom\.virtualenvs\nlotes2_serve-DjnkR6lL\lib\site-packages\django\template\base.py", line 937, in render
    bit = node.render_annotated(context)
  File "C:\Users\asullom\.virtualenvs\nlotes2_serve-DjnkR6lL\lib\site-packages\django\template\base.py", line 904, in render_annotated
    return self.render(context)
  File "C:\Users\asullom\.virtualenvs\nlotes2_serve-DjnkR6lL\lib\site-packages\django\templatetags\static.py", line 106, in render
    url = self.url(context)
  File "C:\Users\asullom\.virtualenvs\nlotes2_serve-DjnkR6lL\lib\site-packages\django\templatetags\static.py", line 103, in url
    return self.handle_simple(path)
  File "C:\Users\asullom\.virtualenvs\nlotes2_serve-DjnkR6lL\lib\site-packages\django\templatetags\static.py", line 118, in handle_simple
    return staticfiles_storage.url(path)
  File "C:\Users\asullom\.virtualenvs\nlotes2_serve-DjnkR6lL\lib\site-packages\django\contrib\staticfiles\storage.py", line 152, in url
    return self._url(self.stored_name, name, force)
  File "C:\Users\asullom\.virtualenvs\nlotes2_serve-DjnkR6lL\lib\site-packages\django\contrib\staticfiles\storage.py", line 131, in _url
    hashed_name = hashed_name_func(*args)
  File "C:\Users\asullom\.virtualenvs\nlotes2_serve-DjnkR6lL\lib\site-packages\django\contrib\staticfiles\storage.py", line 419, in stored_name
    raise ValueError("Missing staticfiles manifest entry for '%s'" % clean_name)
ValueError: Missing staticfiles manifest entry for 'admin/css/base.css'
[13/Aug/2018 22:33:31] ERROR [django.server:124] "GET /admin/login/?next=/admin/ HTTP/1.1" 500 27
[13/Aug/2018 22:37:43] DEBUG [django.template:872] Exception while resolving variable 'is_popup' in template 'admin/login.html'.
Traceback (most recent call last):
  File "C:\Users\asullom\.virtualenvs\nlotes2_serve-DjnkR6lL\lib\site-packages\django\template\base.py", line 829, in _resolve_lookup
    current = current[bit]
  File "C:\Users\asullom\.virtualenvs\nlotes2_serve-DjnkR6lL\lib\site-packages\django\template\context.py", line 83, in __getitem__
    raise KeyError(key)
KeyError: 'is_popup'

During handling of the above exception, another exception occurred:

Traceback (most recent call last):
  File "C:\Users\asullom\.virtualenvs\nlotes2_serve-DjnkR6lL\lib\site-packages\django\template\base.py", line 835, in _resolve_lookup
    if isinstance(current, BaseContext) and getattr(type(current), bit):
AttributeError: type object 'RequestContext' has no attribute 'is_popup'

During handling of the above exception, another exception occurred:

Traceback (most recent call last):
  File "C:\Users\asullom\.virtualenvs\nlotes2_serve-DjnkR6lL\lib\site-packages\django\template\base.py", line 843, in _resolve_lookup
    current = current[int(bit)]
ValueError: invalid literal for int() with base 10: 'is_popup'

During handling of the above exception, another exception occurred:

Traceback (most recent call last):
  File "C:\Users\asullom\.virtualenvs\nlotes2_serve-DjnkR6lL\lib\site-packages\django\template\base.py", line 850, in _resolve_lookup
    (bit, current))  # missing attribute
django.template.base.VariableDoesNotExist: Failed lookup for key [is_popup] in [{'True': True, 'False': False, 'None': None}, {'csrf_token': <SimpleLazyObject: <function csrf.<locals>._get_val at 0x00000187814769D8>>, 'request': <WSGIRequest: GET '/admin/login/?next=/admin/'>, 'user': <SimpleLazyObject: <django.contrib.auth.models.AnonymousUser object at 0x000001878147D908>>, 'perms': <django.contrib.auth.context_processors.PermWrapper object at 0x00000187814C2B70>, 'messages': <django.contrib.messages.storage.fallback.FallbackStorage object at 0x0000018780ABED68>, 'DEFAULT_MESSAGE_LEVELS': {'DEBUG': 10, 'INFO': 20, 'SUCCESS': 25, 'WARNING': 30, 'ERROR': 40}, 'LANGUAGES': [('af', 'Afrikaans'), ('ar', 'Arabic'), ('ast', 'Asturian'), ('az', 'Azerbaijani'), ('bg', 'Bulgarian'), ('be', 'Belarusian'), ('bn', 'Bengali'), ('br', 'Breton'), ('bs', 'Bosnian'), ('ca', 'Catalan'), ('cs', 'Czech'), ('cy', 'Welsh'), ('da', 'Danish'), ('de', 'German'), ('dsb', 'Lower Sorbian'), ('el', 'Greek'), ('en', 'English'), ('en-au', 'Australian English'), ('en-gb', 'British English'), ('eo', 'Esperanto'), ('es', 'Spanish'), ('es-ar', 'Argentinian Spanish'), ('es-co', 'Colombian Spanish'), ('es-mx', 'Mexican Spanish'), ('es-ni', 'Nicaraguan Spanish'), ('es-ve', 'Venezuelan Spanish'), ('et', 'Estonian'), ('eu', 'Basque'), ('fa', 'Persian'), ('fi', 'Finnish'), ('fr', 'French'), ('fy', 'Frisian'), ('ga', 'Irish'), ('gd', 'Scottish Gaelic'), ('gl', 'Galician'), ('he', 'Hebrew'), ('hi', 'Hindi'), ('hr', 'Croatian'), ('hsb', 'Upper Sorbian'), ('hu', 'Hungarian'), ('ia', 'Interlingua'), ('id', 'Indonesian'), ('io', 'Ido'), ('is', 'Icelandic'), ('it', 'Italian'), ('ja', 'Japanese'), ('ka', 'Georgian'), ('kab', 'Kabyle'), ('kk', 'Kazakh'), ('km', 'Khmer'), ('kn', 'Kannada'), ('ko', 'Korean'), ('lb', 'Luxembourgish'), ('lt', 'Lithuanian'), ('lv', 'Latvian'), ('mk', 'Macedonian'), ('ml', 'Malayalam'), ('mn', 'Mongolian'), ('mr', 'Marathi'), ('my', 'Burmese'), ('nb', 'Norwegian Bokmål'), ('ne', 'Nepali'), ('nl', 'Dutch'), ('nn', 'Norwegian Nynorsk'), ('os', 'Ossetic'), ('pa', 'Punjabi'), ('pl', 'Polish'), ('pt', 'Portuguese'), ('pt-br', 'Brazilian Portuguese'), ('ro', 'Romanian'), ('ru', 'Russian'), ('sk', 'Slovak'), ('sl', 'Slovenian'), ('sq', 'Albanian'), ('sr', 'Serbian'), ('sr-latn', 'Serbian Latin'), ('sv', 'Swedish'), ('sw', 'Swahili'), ('ta', 'Tamil'), ('te', 'Telugu'), ('th', 'Thai'), ('tr', 'Turkish'), ('tt', 'Tatar'), ('udm', 'Udmurt'), ('uk', 'Ukrainian'), ('ur', 'Urdu'), ('vi', 'Vietnamese'), ('zh-hans', 'Simplified Chinese'), ('zh-hant', 'Traditional Chinese')], 'LANGUAGE_CODE': 'en-us', 'LANGUAGE_BIDI': False, 'MEDIA_URL': '/media/', 'STATIC_URL': '/static/', 'TIME_ZONE': 'UTC'}, {}, {'form': <AdminAuthenticationForm bound=False, valid=Unknown, fields=(username;password)>, 'view': <django.contrib.auth.views.LoginView object at 0x000001878147D8D0>, 'site_title': 'Django site admin', 'site_header': 'Django administration', 'site_url': '/', 'has_permission': False, 'available_apps': [], 'title': 'Log in', 'app_path': '/admin/login/?next=/admin/', 'username': '', 'next': '/admin/', 'site': <django.contrib.sites.requests.RequestSite object at 0x0000018781490908>, 'site_name': 'localhost:8081', 'LANGUAGE_CODE': 'en-us', 'LANGUAGE_BIDI': False}]
[13/Aug/2018 22:37:43] DEBUG [django.template:872] Exception while resolving variable 'is_popup' in template 'admin/login.html'.
Traceback (most recent call last):
  File "C:\Users\asullom\.virtualenvs\nlotes2_serve-DjnkR6lL\lib\site-packages\django\template\base.py", line 829, in _resolve_lookup
    current = current[bit]
  File "C:\Users\asullom\.virtualenvs\nlotes2_serve-DjnkR6lL\lib\site-packages\django\template\context.py", line 83, in __getitem__
    raise KeyError(key)
KeyError: 'is_popup'

During handling of the above exception, another exception occurred:

Traceback (most recent call last):
  File "C:\Users\asullom\.virtualenvs\nlotes2_serve-DjnkR6lL\lib\site-packages\django\template\base.py", line 835, in _resolve_lookup
    if isinstance(current, BaseContext) and getattr(type(current), bit):
AttributeError: type object 'RequestContext' has no attribute 'is_popup'

During handling of the above exception, another exception occurred:

Traceback (most recent call last):
  File "C:\Users\asullom\.virtualenvs\nlotes2_serve-DjnkR6lL\lib\site-packages\django\template\base.py", line 843, in _resolve_lookup
    current = current[int(bit)]
ValueError: invalid literal for int() with base 10: 'is_popup'

During handling of the above exception, another exception occurred:

Traceback (most recent call last):
  File "C:\Users\asullom\.virtualenvs\nlotes2_serve-DjnkR6lL\lib\site-packages\django\template\base.py", line 850, in _resolve_lookup
    (bit, current))  # missing attribute
django.template.base.VariableDoesNotExist: Failed lookup for key [is_popup] in [{'True': True, 'False': False, 'None': None}, {'csrf_token': <SimpleLazyObject: <function csrf.<locals>._get_val at 0x00000187814769D8>>, 'request': <WSGIRequest: GET '/admin/login/?next=/admin/'>, 'user': <SimpleLazyObject: <django.contrib.auth.models.AnonymousUser object at 0x000001878147D908>>, 'perms': <django.contrib.auth.context_processors.PermWrapper object at 0x00000187814C2B70>, 'messages': <django.contrib.messages.storage.fallback.FallbackStorage object at 0x0000018780ABED68>, 'DEFAULT_MESSAGE_LEVELS': {'DEBUG': 10, 'INFO': 20, 'SUCCESS': 25, 'WARNING': 30, 'ERROR': 40}, 'LANGUAGES': [('af', 'Afrikaans'), ('ar', 'Arabic'), ('ast', 'Asturian'), ('az', 'Azerbaijani'), ('bg', 'Bulgarian'), ('be', 'Belarusian'), ('bn', 'Bengali'), ('br', 'Breton'), ('bs', 'Bosnian'), ('ca', 'Catalan'), ('cs', 'Czech'), ('cy', 'Welsh'), ('da', 'Danish'), ('de', 'German'), ('dsb', 'Lower Sorbian'), ('el', 'Greek'), ('en', 'English'), ('en-au', 'Australian English'), ('en-gb', 'British English'), ('eo', 'Esperanto'), ('es', 'Spanish'), ('es-ar', 'Argentinian Spanish'), ('es-co', 'Colombian Spanish'), ('es-mx', 'Mexican Spanish'), ('es-ni', 'Nicaraguan Spanish'), ('es-ve', 'Venezuelan Spanish'), ('et', 'Estonian'), ('eu', 'Basque'), ('fa', 'Persian'), ('fi', 'Finnish'), ('fr', 'French'), ('fy', 'Frisian'), ('ga', 'Irish'), ('gd', 'Scottish Gaelic'), ('gl', 'Galician'), ('he', 'Hebrew'), ('hi', 'Hindi'), ('hr', 'Croatian'), ('hsb', 'Upper Sorbian'), ('hu', 'Hungarian'), ('ia', 'Interlingua'), ('id', 'Indonesian'), ('io', 'Ido'), ('is', 'Icelandic'), ('it', 'Italian'), ('ja', 'Japanese'), ('ka', 'Georgian'), ('kab', 'Kabyle'), ('kk', 'Kazakh'), ('km', 'Khmer'), ('kn', 'Kannada'), ('ko', 'Korean'), ('lb', 'Luxembourgish'), ('lt', 'Lithuanian'), ('lv', 'Latvian'), ('mk', 'Macedonian'), ('ml', 'Malayalam'), ('mn', 'Mongolian'), ('mr', 'Marathi'), ('my', 'Burmese'), ('nb', 'Norwegian Bokmål'), ('ne', 'Nepali'), ('nl', 'Dutch'), ('nn', 'Norwegian Nynorsk'), ('os', 'Ossetic'), ('pa', 'Punjabi'), ('pl', 'Polish'), ('pt', 'Portuguese'), ('pt-br', 'Brazilian Portuguese'), ('ro', 'Romanian'), ('ru', 'Russian'), ('sk', 'Slovak'), ('sl', 'Slovenian'), ('sq', 'Albanian'), ('sr', 'Serbian'), ('sr-latn', 'Serbian Latin'), ('sv', 'Swedish'), ('sw', 'Swahili'), ('ta', 'Tamil'), ('te', 'Telugu'), ('th', 'Thai'), ('tr', 'Turkish'), ('tt', 'Tatar'), ('udm', 'Udmurt'), ('uk', 'Ukrainian'), ('ur', 'Urdu'), ('vi', 'Vietnamese'), ('zh-hans', 'Simplified Chinese'), ('zh-hant', 'Traditional Chinese')], 'LANGUAGE_CODE': 'en-us', 'LANGUAGE_BIDI': False, 'MEDIA_URL': '/media/', 'STATIC_URL': '/static/', 'TIME_ZONE': 'UTC'}, {}, {'form': <AdminAuthenticationForm bound=False, valid=Unknown, fields=(username;password)>, 'view': <django.contrib.auth.views.LoginView object at 0x000001878147D8D0>, 'site_title': 'Django site admin', 'site_header': 'Django administration', 'site_url': '/', 'has_permission': False, 'available_apps': [], 'title': 'Log in', 'app_path': '/admin/login/?next=/admin/', 'username': '', 'next': '/admin/', 'site': <django.contrib.sites.requests.RequestSite object at 0x0000018781490908>, 'site_name': 'localhost:8081', 'LANGUAGE_CODE': 'en-us', 'LANGUAGE_BIDI': False}]
[13/Aug/2018 22:37:43] INFO [django.server:124] "GET /admin/login/?next=/admin/ HTTP/1.1" 200 1858
[13/Aug/2018 22:37:43] INFO [django.server:124] "GET /static/admin/css/base.4e3bba263270.css HTTP/1.1" 200 3832
[13/Aug/2018 22:37:43] INFO [django.server:124] "GET /static/admin/css/login.a846c0e2ef65.css HTTP/1.1" 200 487
[13/Aug/2018 22:37:43] INFO [django.server:124] "GET /static/admin/css/responsive.d1e3572cb104.css HTTP/1.1" 200 3293
[13/Aug/2018 22:37:43] INFO [django.server:124] "GET /static/admin/css/fonts.494e4ec545c9.css HTTP/1.1" 200 189
[13/Aug/2018 22:37:43] INFO [django.server:124] "GET /static/admin/fonts/Roboto-Regular-webfont.ec39515ae8c6.woff HTTP/1.1" 200 80304
[13/Aug/2018 22:37:43] INFO [django.server:124] "GET /static/admin/fonts/Roboto-Light-webfont.b446c2399bb6.woff HTTP/1.1" 200 81348
[14/Aug/2018 11:51:54] DEBUG [django.template:872] Exception while resolving variable 'is_popup' in template 'admin/login.html'.
Traceback (most recent call last):
  File "C:\Users\asullom\.virtualenvs\nlotes2_serve-DjnkR6lL\lib\site-packages\django\template\base.py", line 829, in _resolve_lookup
    current = current[bit]
  File "C:\Users\asullom\.virtualenvs\nlotes2_serve-DjnkR6lL\lib\site-packages\django\template\context.py", line 83, in __getitem__
    raise KeyError(key)
KeyError: 'is_popup'

During handling of the above exception, another exception occurred:

Traceback (most recent call last):
  File "C:\Users\asullom\.virtualenvs\nlotes2_serve-DjnkR6lL\lib\site-packages\django\template\base.py", line 835, in _resolve_lookup
    if isinstance(current, BaseContext) and getattr(type(current), bit):
AttributeError: type object 'RequestContext' has no attribute 'is_popup'

During handling of the above exception, another exception occurred:

Traceback (most recent call last):
  File "C:\Users\asullom\.virtualenvs\nlotes2_serve-DjnkR6lL\lib\site-packages\django\template\base.py", line 843, in _resolve_lookup
    current = current[int(bit)]
ValueError: invalid literal for int() with base 10: 'is_popup'

During handling of the above exception, another exception occurred:

Traceback (most recent call last):
  File "C:\Users\asullom\.virtualenvs\nlotes2_serve-DjnkR6lL\lib\site-packages\django\template\base.py", line 850, in _resolve_lookup
    (bit, current))  # missing attribute
django.template.base.VariableDoesNotExist: Failed lookup for key [is_popup] in [{'True': True, 'False': False, 'None': None}, {'csrf_token': <SimpleLazyObject: <function csrf.<locals>._get_val at 0x0000014169E43A60>>, 'request': <WSGIRequest: GET '/admin/login/?next=/admin/'>, 'user': <SimpleLazyObject: <django.contrib.auth.models.AnonymousUser object at 0x0000014169E44AC8>>, 'perms': <django.contrib.auth.context_processors.PermWrapper object at 0x000001416A7F6D68>, 'messages': <django.contrib.messages.storage.fallback.FallbackStorage object at 0x0000014169E353C8>, 'DEFAULT_MESSAGE_LEVELS': {'DEBUG': 10, 'INFO': 20, 'SUCCESS': 25, 'WARNING': 30, 'ERROR': 40}, 'LANGUAGES': [('af', 'Afrikaans'), ('ar', 'Arabic'), ('ast', 'Asturian'), ('az', 'Azerbaijani'), ('bg', 'Bulgarian'), ('be', 'Belarusian'), ('bn', 'Bengali'), ('br', 'Breton'), ('bs', 'Bosnian'), ('ca', 'Catalan'), ('cs', 'Czech'), ('cy', 'Welsh'), ('da', 'Danish'), ('de', 'German'), ('dsb', 'Lower Sorbian'), ('el', 'Greek'), ('en', 'English'), ('en-au', 'Australian English'), ('en-gb', 'British English'), ('eo', 'Esperanto'), ('es', 'Spanish'), ('es-ar', 'Argentinian Spanish'), ('es-co', 'Colombian Spanish'), ('es-mx', 'Mexican Spanish'), ('es-ni', 'Nicaraguan Spanish'), ('es-ve', 'Venezuelan Spanish'), ('et', 'Estonian'), ('eu', 'Basque'), ('fa', 'Persian'), ('fi', 'Finnish'), ('fr', 'French'), ('fy', 'Frisian'), ('ga', 'Irish'), ('gd', 'Scottish Gaelic'), ('gl', 'Galician'), ('he', 'Hebrew'), ('hi', 'Hindi'), ('hr', 'Croatian'), ('hsb', 'Upper Sorbian'), ('hu', 'Hungarian'), ('ia', 'Interlingua'), ('id', 'Indonesian'), ('io', 'Ido'), ('is', 'Icelandic'), ('it', 'Italian'), ('ja', 'Japanese'), ('ka', 'Georgian'), ('kab', 'Kabyle'), ('kk', 'Kazakh'), ('km', 'Khmer'), ('kn', 'Kannada'), ('ko', 'Korean'), ('lb', 'Luxembourgish'), ('lt', 'Lithuanian'), ('lv', 'Latvian'), ('mk', 'Macedonian'), ('ml', 'Malayalam'), ('mn', 'Mongolian'), ('mr', 'Marathi'), ('my', 'Burmese'), ('nb', 'Norwegian Bokmål'), ('ne', 'Nepali'), ('nl', 'Dutch'), ('nn', 'Norwegian Nynorsk'), ('os', 'Ossetic'), ('pa', 'Punjabi'), ('pl', 'Polish'), ('pt', 'Portuguese'), ('pt-br', 'Brazilian Portuguese'), ('ro', 'Romanian'), ('ru', 'Russian'), ('sk', 'Slovak'), ('sl', 'Slovenian'), ('sq', 'Albanian'), ('sr', 'Serbian'), ('sr-latn', 'Serbian Latin'), ('sv', 'Swedish'), ('sw', 'Swahili'), ('ta', 'Tamil'), ('te', 'Telugu'), ('th', 'Thai'), ('tr', 'Turkish'), ('tt', 'Tatar'), ('udm', 'Udmurt'), ('uk', 'Ukrainian'), ('ur', 'Urdu'), ('vi', 'Vietnamese'), ('zh-hans', 'Simplified Chinese'), ('zh-hant', 'Traditional Chinese')], 'LANGUAGE_CODE': 'en-us', 'LANGUAGE_BIDI': False, 'MEDIA_URL': '/media/', 'STATIC_URL': '/static/', 'TIME_ZONE': 'UTC'}, {}, {'form': <AdminAuthenticationForm bound=False, valid=Unknown, fields=(username;password)>, 'view': <django.contrib.auth.views.LoginView object at 0x0000014169E44A90>, 'site_title': 'Django site admin', 'site_header': 'Django administration', 'site_url': '/', 'has_permission': False, 'available_apps': [], 'title': 'Log in', 'app_path': '/admin/login/?next=/admin/', 'username': '', 'next': '/admin/', 'site': <django.contrib.sites.requests.RequestSite object at 0x0000014169FC1B00>, 'site_name': 'localhost:8081', 'LANGUAGE_CODE': 'en-us', 'LANGUAGE_BIDI': False}]
[14/Aug/2018 11:51:54] DEBUG [django.template:872] Exception while resolving variable 'is_popup' in template 'admin/login.html'.
Traceback (most recent call last):
  File "C:\Users\asullom\.virtualenvs\nlotes2_serve-DjnkR6lL\lib\site-packages\django\template\base.py", line 829, in _resolve_lookup
    current = current[bit]
  File "C:\Users\asullom\.virtualenvs\nlotes2_serve-DjnkR6lL\lib\site-packages\django\template\context.py", line 83, in __getitem__
    raise KeyError(key)
KeyError: 'is_popup'

During handling of the above exception, another exception occurred:

Traceback (most recent call last):
  File "C:\Users\asullom\.virtualenvs\nlotes2_serve-DjnkR6lL\lib\site-packages\django\template\base.py", line 835, in _resolve_lookup
    if isinstance(current, BaseContext) and getattr(type(current), bit):
AttributeError: type object 'RequestContext' has no attribute 'is_popup'

During handling of the above exception, another exception occurred:

Traceback (most recent call last):
  File "C:\Users\asullom\.virtualenvs\nlotes2_serve-DjnkR6lL\lib\site-packages\django\template\base.py", line 843, in _resolve_lookup
    current = current[int(bit)]
ValueError: invalid literal for int() with base 10: 'is_popup'

During handling of the above exception, another exception occurred:

Traceback (most recent call last):
  File "C:\Users\asullom\.virtualenvs\nlotes2_serve-DjnkR6lL\lib\site-packages\django\template\base.py", line 850, in _resolve_lookup
    (bit, current))  # missing attribute
django.template.base.VariableDoesNotExist: Failed lookup for key [is_popup] in [{'True': True, 'False': False, 'None': None}, {'csrf_token': <SimpleLazyObject: <function csrf.<locals>._get_val at 0x0000014169E43A60>>, 'request': <WSGIRequest: GET '/admin/login/?next=/admin/'>, 'user': <SimpleLazyObject: <django.contrib.auth.models.AnonymousUser object at 0x0000014169E44AC8>>, 'perms': <django.contrib.auth.context_processors.PermWrapper object at 0x000001416A7F6D68>, 'messages': <django.contrib.messages.storage.fallback.FallbackStorage object at 0x0000014169E353C8>, 'DEFAULT_MESSAGE_LEVELS': {'DEBUG': 10, 'INFO': 20, 'SUCCESS': 25, 'WARNING': 30, 'ERROR': 40}, 'LANGUAGES': [('af', 'Afrikaans'), ('ar', 'Arabic'), ('ast', 'Asturian'), ('az', 'Azerbaijani'), ('bg', 'Bulgarian'), ('be', 'Belarusian'), ('bn', 'Bengali'), ('br', 'Breton'), ('bs', 'Bosnian'), ('ca', 'Catalan'), ('cs', 'Czech'), ('cy', 'Welsh'), ('da', 'Danish'), ('de', 'German'), ('dsb', 'Lower Sorbian'), ('el', 'Greek'), ('en', 'English'), ('en-au', 'Australian English'), ('en-gb', 'British English'), ('eo', 'Esperanto'), ('es', 'Spanish'), ('es-ar', 'Argentinian Spanish'), ('es-co', 'Colombian Spanish'), ('es-mx', 'Mexican Spanish'), ('es-ni', 'Nicaraguan Spanish'), ('es-ve', 'Venezuelan Spanish'), ('et', 'Estonian'), ('eu', 'Basque'), ('fa', 'Persian'), ('fi', 'Finnish'), ('fr', 'French'), ('fy', 'Frisian'), ('ga', 'Irish'), ('gd', 'Scottish Gaelic'), ('gl', 'Galician'), ('he', 'Hebrew'), ('hi', 'Hindi'), ('hr', 'Croatian'), ('hsb', 'Upper Sorbian'), ('hu', 'Hungarian'), ('ia', 'Interlingua'), ('id', 'Indonesian'), ('io', 'Ido'), ('is', 'Icelandic'), ('it', 'Italian'), ('ja', 'Japanese'), ('ka', 'Georgian'), ('kab', 'Kabyle'), ('kk', 'Kazakh'), ('km', 'Khmer'), ('kn', 'Kannada'), ('ko', 'Korean'), ('lb', 'Luxembourgish'), ('lt', 'Lithuanian'), ('lv', 'Latvian'), ('mk', 'Macedonian'), ('ml', 'Malayalam'), ('mn', 'Mongolian'), ('mr', 'Marathi'), ('my', 'Burmese'), ('nb', 'Norwegian Bokmål'), ('ne', 'Nepali'), ('nl', 'Dutch'), ('nn', 'Norwegian Nynorsk'), ('os', 'Ossetic'), ('pa', 'Punjabi'), ('pl', 'Polish'), ('pt', 'Portuguese'), ('pt-br', 'Brazilian Portuguese'), ('ro', 'Romanian'), ('ru', 'Russian'), ('sk', 'Slovak'), ('sl', 'Slovenian'), ('sq', 'Albanian'), ('sr', 'Serbian'), ('sr-latn', 'Serbian Latin'), ('sv', 'Swedish'), ('sw', 'Swahili'), ('ta', 'Tamil'), ('te', 'Telugu'), ('th', 'Thai'), ('tr', 'Turkish'), ('tt', 'Tatar'), ('udm', 'Udmurt'), ('uk', 'Ukrainian'), ('ur', 'Urdu'), ('vi', 'Vietnamese'), ('zh-hans', 'Simplified Chinese'), ('zh-hant', 'Traditional Chinese')], 'LANGUAGE_CODE': 'en-us', 'LANGUAGE_BIDI': False, 'MEDIA_URL': '/media/', 'STATIC_URL': '/static/', 'TIME_ZONE': 'UTC'}, {}, {'form': <AdminAuthenticationForm bound=False, valid=Unknown, fields=(username;password)>, 'view': <django.contrib.auth.views.LoginView object at 0x0000014169E44A90>, 'site_title': 'Django site admin', 'site_header': 'Django administration', 'site_url': '/', 'has_permission': False, 'available_apps': [], 'title': 'Log in', 'app_path': '/admin/login/?next=/admin/', 'username': '', 'next': '/admin/', 'site': <django.contrib.sites.requests.RequestSite object at 0x0000014169FC1B00>, 'site_name': 'localhost:8081', 'LANGUAGE_CODE': 'en-us', 'LANGUAGE_BIDI': False}]
[14/Aug/2018 11:51:54] INFO [django.server:124] "GET /admin/login/?next=/admin/ HTTP/1.1" 200 1858
[14/Aug/2018 11:51:58] DEBUG [django.template:872] Exception while resolving variable 'is_popup' in template 'admin/login.html'.
Traceback (most recent call last):
  File "C:\Users\asullom\.virtualenvs\nlotes2_serve-DjnkR6lL\lib\site-packages\django\template\base.py", line 829, in _resolve_lookup
    current = current[bit]
  File "C:\Users\asullom\.virtualenvs\nlotes2_serve-DjnkR6lL\lib\site-packages\django\template\context.py", line 83, in __getitem__
    raise KeyError(key)
KeyError: 'is_popup'

During handling of the above exception, another exception occurred:

Traceback (most recent call last):
  File "C:\Users\asullom\.virtualenvs\nlotes2_serve-DjnkR6lL\lib\site-packages\django\template\base.py", line 835, in _resolve_lookup
    if isinstance(current, BaseContext) and getattr(type(current), bit):
AttributeError: type object 'RequestContext' has no attribute 'is_popup'

During handling of the above exception, another exception occurred:

Traceback (most recent call last):
  File "C:\Users\asullom\.virtualenvs\nlotes2_serve-DjnkR6lL\lib\site-packages\django\template\base.py", line 843, in _resolve_lookup
    current = current[int(bit)]
ValueError: invalid literal for int() with base 10: 'is_popup'

During handling of the above exception, another exception occurred:

Traceback (most recent call last):
  File "C:\Users\asullom\.virtualenvs\nlotes2_serve-DjnkR6lL\lib\site-packages\django\template\base.py", line 850, in _resolve_lookup
    (bit, current))  # missing attribute
django.template.base.VariableDoesNotExist: Failed lookup for key [is_popup] in [{'True': True, 'False': False, 'None': None}, {'csrf_token': <SimpleLazyObject: <function csrf.<locals>._get_val at 0x0000014169E43A60>>, 'request': <WSGIRequest: GET '/admin/login/?next=/admin/'>, 'user': <SimpleLazyObject: <django.contrib.auth.models.AnonymousUser object at 0x000001416A7F6DD8>>, 'perms': <django.contrib.auth.context_processors.PermWrapper object at 0x000001416A87D5F8>, 'messages': <django.contrib.messages.storage.fallback.FallbackStorage object at 0x000001416A7F6F98>, 'DEFAULT_MESSAGE_LEVELS': {'DEBUG': 10, 'INFO': 20, 'SUCCESS': 25, 'WARNING': 30, 'ERROR': 40}, 'LANGUAGES': [('af', 'Afrikaans'), ('ar', 'Arabic'), ('ast', 'Asturian'), ('az', 'Azerbaijani'), ('bg', 'Bulgarian'), ('be', 'Belarusian'), ('bn', 'Bengali'), ('br', 'Breton'), ('bs', 'Bosnian'), ('ca', 'Catalan'), ('cs', 'Czech'), ('cy', 'Welsh'), ('da', 'Danish'), ('de', 'German'), ('dsb', 'Lower Sorbian'), ('el', 'Greek'), ('en', 'English'), ('en-au', 'Australian English'), ('en-gb', 'British English'), ('eo', 'Esperanto'), ('es', 'Spanish'), ('es-ar', 'Argentinian Spanish'), ('es-co', 'Colombian Spanish'), ('es-mx', 'Mexican Spanish'), ('es-ni', 'Nicaraguan Spanish'), ('es-ve', 'Venezuelan Spanish'), ('et', 'Estonian'), ('eu', 'Basque'), ('fa', 'Persian'), ('fi', 'Finnish'), ('fr', 'French'), ('fy', 'Frisian'), ('ga', 'Irish'), ('gd', 'Scottish Gaelic'), ('gl', 'Galician'), ('he', 'Hebrew'), ('hi', 'Hindi'), ('hr', 'Croatian'), ('hsb', 'Upper Sorbian'), ('hu', 'Hungarian'), ('ia', 'Interlingua'), ('id', 'Indonesian'), ('io', 'Ido'), ('is', 'Icelandic'), ('it', 'Italian'), ('ja', 'Japanese'), ('ka', 'Georgian'), ('kab', 'Kabyle'), ('kk', 'Kazakh'), ('km', 'Khmer'), ('kn', 'Kannada'), ('ko', 'Korean'), ('lb', 'Luxembourgish'), ('lt', 'Lithuanian'), ('lv', 'Latvian'), ('mk', 'Macedonian'), ('ml', 'Malayalam'), ('mn', 'Mongolian'), ('mr', 'Marathi'), ('my', 'Burmese'), ('nb', 'Norwegian Bokmål'), ('ne', 'Nepali'), ('nl', 'Dutch'), ('nn', 'Norwegian Nynorsk'), ('os', 'Ossetic'), ('pa', 'Punjabi'), ('pl', 'Polish'), ('pt', 'Portuguese'), ('pt-br', 'Brazilian Portuguese'), ('ro', 'Romanian'), ('ru', 'Russian'), ('sk', 'Slovak'), ('sl', 'Slovenian'), ('sq', 'Albanian'), ('sr', 'Serbian'), ('sr-latn', 'Serbian Latin'), ('sv', 'Swedish'), ('sw', 'Swahili'), ('ta', 'Tamil'), ('te', 'Telugu'), ('th', 'Thai'), ('tr', 'Turkish'), ('tt', 'Tatar'), ('udm', 'Udmurt'), ('uk', 'Ukrainian'), ('ur', 'Urdu'), ('vi', 'Vietnamese'), ('zh-hans', 'Simplified Chinese'), ('zh-hant', 'Traditional Chinese')], 'LANGUAGE_CODE': 'en-us', 'LANGUAGE_BIDI': False, 'MEDIA_URL': '/media/', 'STATIC_URL': '/static/', 'TIME_ZONE': 'UTC'}, {}, {'form': <AdminAuthenticationForm bound=False, valid=Unknown, fields=(username;password)>, 'view': <django.contrib.auth.views.LoginView object at 0x000001416A8014E0>, 'site_title': 'Django site admin', 'site_header': 'Django administration', 'site_url': '/', 'has_permission': False, 'available_apps': [], 'title': 'Log in', 'app_path': '/admin/login/?next=/admin/', 'username': '', 'next': '/admin/', 'site': <django.contrib.sites.requests.RequestSite object at 0x000001416A87B780>, 'site_name': 'localhost:8081', 'LANGUAGE_CODE': 'en-us', 'LANGUAGE_BIDI': False}]
[14/Aug/2018 11:51:58] DEBUG [django.template:872] Exception while resolving variable 'is_popup' in template 'admin/login.html'.
Traceback (most recent call last):
  File "C:\Users\asullom\.virtualenvs\nlotes2_serve-DjnkR6lL\lib\site-packages\django\template\base.py", line 829, in _resolve_lookup
    current = current[bit]
  File "C:\Users\asullom\.virtualenvs\nlotes2_serve-DjnkR6lL\lib\site-packages\django\template\context.py", line 83, in __getitem__
    raise KeyError(key)
KeyError: 'is_popup'

During handling of the above exception, another exception occurred:

Traceback (most recent call last):
  File "C:\Users\asullom\.virtualenvs\nlotes2_serve-DjnkR6lL\lib\site-packages\django\template\base.py", line 835, in _resolve_lookup
    if isinstance(current, BaseContext) and getattr(type(current), bit):
AttributeError: type object 'RequestContext' has no attribute 'is_popup'

During handling of the above exception, another exception occurred:

Traceback (most recent call last):
  File "C:\Users\asullom\.virtualenvs\nlotes2_serve-DjnkR6lL\lib\site-packages\django\template\base.py", line 843, in _resolve_lookup
    current = current[int(bit)]
ValueError: invalid literal for int() with base 10: 'is_popup'

During handling of the above exception, another exception occurred:

Traceback (most recent call last):
  File "C:\Users\asullom\.virtualenvs\nlotes2_serve-DjnkR6lL\lib\site-packages\django\template\base.py", line 850, in _resolve_lookup
    (bit, current))  # missing attribute
django.template.base.VariableDoesNotExist: Failed lookup for key [is_popup] in [{'True': True, 'False': False, 'None': None}, {'csrf_token': <SimpleLazyObject: <function csrf.<locals>._get_val at 0x0000014169E43A60>>, 'request': <WSGIRequest: GET '/admin/login/?next=/admin/'>, 'user': <SimpleLazyObject: <django.contrib.auth.models.AnonymousUser object at 0x000001416A7F6DD8>>, 'perms': <django.contrib.auth.context_processors.PermWrapper object at 0x000001416A87D5F8>, 'messages': <django.contrib.messages.storage.fallback.FallbackStorage object at 0x000001416A7F6F98>, 'DEFAULT_MESSAGE_LEVELS': {'DEBUG': 10, 'INFO': 20, 'SUCCESS': 25, 'WARNING': 30, 'ERROR': 40}, 'LANGUAGES': [('af', 'Afrikaans'), ('ar', 'Arabic'), ('ast', 'Asturian'), ('az', 'Azerbaijani'), ('bg', 'Bulgarian'), ('be', 'Belarusian'), ('bn', 'Bengali'), ('br', 'Breton'), ('bs', 'Bosnian'), ('ca', 'Catalan'), ('cs', 'Czech'), ('cy', 'Welsh'), ('da', 'Danish'), ('de', 'German'), ('dsb', 'Lower Sorbian'), ('el', 'Greek'), ('en', 'English'), ('en-au', 'Australian English'), ('en-gb', 'British English'), ('eo', 'Esperanto'), ('es', 'Spanish'), ('es-ar', 'Argentinian Spanish'), ('es-co', 'Colombian Spanish'), ('es-mx', 'Mexican Spanish'), ('es-ni', 'Nicaraguan Spanish'), ('es-ve', 'Venezuelan Spanish'), ('et', 'Estonian'), ('eu', 'Basque'), ('fa', 'Persian'), ('fi', 'Finnish'), ('fr', 'French'), ('fy', 'Frisian'), ('ga', 'Irish'), ('gd', 'Scottish Gaelic'), ('gl', 'Galician'), ('he', 'Hebrew'), ('hi', 'Hindi'), ('hr', 'Croatian'), ('hsb', 'Upper Sorbian'), ('hu', 'Hungarian'), ('ia', 'Interlingua'), ('id', 'Indonesian'), ('io', 'Ido'), ('is', 'Icelandic'), ('it', 'Italian'), ('ja', 'Japanese'), ('ka', 'Georgian'), ('kab', 'Kabyle'), ('kk', 'Kazakh'), ('km', 'Khmer'), ('kn', 'Kannada'), ('ko', 'Korean'), ('lb', 'Luxembourgish'), ('lt', 'Lithuanian'), ('lv', 'Latvian'), ('mk', 'Macedonian'), ('ml', 'Malayalam'), ('mn', 'Mongolian'), ('mr', 'Marathi'), ('my', 'Burmese'), ('nb', 'Norwegian Bokmål'), ('ne', 'Nepali'), ('nl', 'Dutch'), ('nn', 'Norwegian Nynorsk'), ('os', 'Ossetic'), ('pa', 'Punjabi'), ('pl', 'Polish'), ('pt', 'Portuguese'), ('pt-br', 'Brazilian Portuguese'), ('ro', 'Romanian'), ('ru', 'Russian'), ('sk', 'Slovak'), ('sl', 'Slovenian'), ('sq', 'Albanian'), ('sr', 'Serbian'), ('sr-latn', 'Serbian Latin'), ('sv', 'Swedish'), ('sw', 'Swahili'), ('ta', 'Tamil'), ('te', 'Telugu'), ('th', 'Thai'), ('tr', 'Turkish'), ('tt', 'Tatar'), ('udm', 'Udmurt'), ('uk', 'Ukrainian'), ('ur', 'Urdu'), ('vi', 'Vietnamese'), ('zh-hans', 'Simplified Chinese'), ('zh-hant', 'Traditional Chinese')], 'LANGUAGE_CODE': 'en-us', 'LANGUAGE_BIDI': False, 'MEDIA_URL': '/media/', 'STATIC_URL': '/static/', 'TIME_ZONE': 'UTC'}, {}, {'form': <AdminAuthenticationForm bound=False, valid=Unknown, fields=(username;password)>, 'view': <django.contrib.auth.views.LoginView object at 0x000001416A8014E0>, 'site_title': 'Django site admin', 'site_header': 'Django administration', 'site_url': '/', 'has_permission': False, 'available_apps': [], 'title': 'Log in', 'app_path': '/admin/login/?next=/admin/', 'username': '', 'next': '/admin/', 'site': <django.contrib.sites.requests.RequestSite object at 0x000001416A87B780>, 'site_name': 'localhost:8081', 'LANGUAGE_CODE': 'en-us', 'LANGUAGE_BIDI': False}]
[14/Aug/2018 11:51:58] INFO [django.server:124] "GET /admin/login/?next=/admin/ HTTP/1.1" 200 1858
[14/Aug/2018 11:52:15] WARNING [django.request:228] Not Found: /
[14/Aug/2018 11:52:15] WARNING [django.server:124] "GET / HTTP/1.1" 404 74
[14/Aug/2018 16:02:55] WARNING [django.request:228] Not Found: /
[14/Aug/2018 16:02:55] WARNING [django.server:124] "GET / HTTP/1.1" 404 74
[14/Aug/2018 16:02:59] INFO [django.server:124] "GET /admin/ HTTP/1.1" 302 0
[14/Aug/2018 16:02:59] DEBUG [django.template:872] Exception while resolving variable 'is_popup' in template 'admin/login.html'.
Traceback (most recent call last):
  File "C:\Users\asullom\.virtualenvs\nlotes2_serve-DjnkR6lL\lib\site-packages\django\template\base.py", line 829, in _resolve_lookup
    current = current[bit]
  File "C:\Users\asullom\.virtualenvs\nlotes2_serve-DjnkR6lL\lib\site-packages\django\template\context.py", line 83, in __getitem__
    raise KeyError(key)
KeyError: 'is_popup'

During handling of the above exception, another exception occurred:

Traceback (most recent call last):
  File "C:\Users\asullom\.virtualenvs\nlotes2_serve-DjnkR6lL\lib\site-packages\django\template\base.py", line 835, in _resolve_lookup
    if isinstance(current, BaseContext) and getattr(type(current), bit):
AttributeError: type object 'RequestContext' has no attribute 'is_popup'

During handling of the above exception, another exception occurred:

Traceback (most recent call last):
  File "C:\Users\asullom\.virtualenvs\nlotes2_serve-DjnkR6lL\lib\site-packages\django\template\base.py", line 843, in _resolve_lookup
    current = current[int(bit)]
ValueError: invalid literal for int() with base 10: 'is_popup'

During handling of the above exception, another exception occurred:

Traceback (most recent call last):
  File "C:\Users\asullom\.virtualenvs\nlotes2_serve-DjnkR6lL\lib\site-packages\django\template\base.py", line 850, in _resolve_lookup
    (bit, current))  # missing attribute
django.template.base.VariableDoesNotExist: Failed lookup for key [is_popup] in [{'True': True, 'False': False, 'None': None}, {'csrf_token': <SimpleLazyObject: <function csrf.<locals>._get_val at 0x000001C2F6CEE2F0>>, 'request': <WSGIRequest: GET '/admin/login/?next=/admin/'>, 'user': <SimpleLazyObject: <django.contrib.auth.models.AnonymousUser object at 0x000001C2F6D3D198>>, 'perms': <django.contrib.auth.context_processors.PermWrapper object at 0x000001C2F6D56A90>, 'messages': <django.contrib.messages.storage.fallback.FallbackStorage object at 0x000001C2F6D3D0F0>, 'DEFAULT_MESSAGE_LEVELS': {'DEBUG': 10, 'INFO': 20, 'SUCCESS': 25, 'WARNING': 30, 'ERROR': 40}, 'LANGUAGES': [('af', 'Afrikaans'), ('ar', 'Arabic'), ('ast', 'Asturian'), ('az', 'Azerbaijani'), ('bg', 'Bulgarian'), ('be', 'Belarusian'), ('bn', 'Bengali'), ('br', 'Breton'), ('bs', 'Bosnian'), ('ca', 'Catalan'), ('cs', 'Czech'), ('cy', 'Welsh'), ('da', 'Danish'), ('de', 'German'), ('dsb', 'Lower Sorbian'), ('el', 'Greek'), ('en', 'English'), ('en-au', 'Australian English'), ('en-gb', 'British English'), ('eo', 'Esperanto'), ('es', 'Spanish'), ('es-ar', 'Argentinian Spanish'), ('es-co', 'Colombian Spanish'), ('es-mx', 'Mexican Spanish'), ('es-ni', 'Nicaraguan Spanish'), ('es-ve', 'Venezuelan Spanish'), ('et', 'Estonian'), ('eu', 'Basque'), ('fa', 'Persian'), ('fi', 'Finnish'), ('fr', 'French'), ('fy', 'Frisian'), ('ga', 'Irish'), ('gd', 'Scottish Gaelic'), ('gl', 'Galician'), ('he', 'Hebrew'), ('hi', 'Hindi'), ('hr', 'Croatian'), ('hsb', 'Upper Sorbian'), ('hu', 'Hungarian'), ('ia', 'Interlingua'), ('id', 'Indonesian'), ('io', 'Ido'), ('is', 'Icelandic'), ('it', 'Italian'), ('ja', 'Japanese'), ('ka', 'Georgian'), ('kab', 'Kabyle'), ('kk', 'Kazakh'), ('km', 'Khmer'), ('kn', 'Kannada'), ('ko', 'Korean'), ('lb', 'Luxembourgish'), ('lt', 'Lithuanian'), ('lv', 'Latvian'), ('mk', 'Macedonian'), ('ml', 'Malayalam'), ('mn', 'Mongolian'), ('mr', 'Marathi'), ('my', 'Burmese'), ('nb', 'Norwegian Bokmål'), ('ne', 'Nepali'), ('nl', 'Dutch'), ('nn', 'Norwegian Nynorsk'), ('os', 'Ossetic'), ('pa', 'Punjabi'), ('pl', 'Polish'), ('pt', 'Portuguese'), ('pt-br', 'Brazilian Portuguese'), ('ro', 'Romanian'), ('ru', 'Russian'), ('sk', 'Slovak'), ('sl', 'Slovenian'), ('sq', 'Albanian'), ('sr', 'Serbian'), ('sr-latn', 'Serbian Latin'), ('sv', 'Swedish'), ('sw', 'Swahili'), ('ta', 'Tamil'), ('te', 'Telugu'), ('th', 'Thai'), ('tr', 'Turkish'), ('tt', 'Tatar'), ('udm', 'Udmurt'), ('uk', 'Ukrainian'), ('ur', 'Urdu'), ('vi', 'Vietnamese'), ('zh-hans', 'Simplified Chinese'), ('zh-hant', 'Traditional Chinese')], 'LANGUAGE_CODE': 'en-us', 'LANGUAGE_BIDI': False, 'MEDIA_URL': '/media/', 'STATIC_URL': '/static/', 'TIME_ZONE': 'UTC'}, {}, {'form': <AdminAuthenticationForm bound=False, valid=Unknown, fields=(username;password)>, 'view': <django.contrib.auth.views.LoginView object at 0x000001C2F6D3D2E8>, 'site_title': 'Django site admin', 'site_header': 'Django administration', 'site_url': '/', 'has_permission': False, 'available_apps': [], 'title': 'Log in', 'app_path': '/admin/login/?next=/admin/', 'username': '', 'next': '/admin/', 'site': <django.contrib.sites.requests.RequestSite object at 0x000001C2F6D3D550>, 'site_name': 'localhost:8081', 'LANGUAGE_CODE': 'en-us', 'LANGUAGE_BIDI': False}]
[14/Aug/2018 16:02:59] DEBUG [django.template:872] Exception while resolving variable 'is_popup' in template 'admin/login.html'.
Traceback (most recent call last):
  File "C:\Users\asullom\.virtualenvs\nlotes2_serve-DjnkR6lL\lib\site-packages\django\template\base.py", line 829, in _resolve_lookup
    current = current[bit]
  File "C:\Users\asullom\.virtualenvs\nlotes2_serve-DjnkR6lL\lib\site-packages\django\template\context.py", line 83, in __getitem__
    raise KeyError(key)
KeyError: 'is_popup'

During handling of the above exception, another exception occurred:

Traceback (most recent call last):
  File "C:\Users\asullom\.virtualenvs\nlotes2_serve-DjnkR6lL\lib\site-packages\django\template\base.py", line 835, in _resolve_lookup
    if isinstance(current, BaseContext) and getattr(type(current), bit):
AttributeError: type object 'RequestContext' has no attribute 'is_popup'

During handling of the above exception, another exception occurred:

Traceback (most recent call last):
  File "C:\Users\asullom\.virtualenvs\nlotes2_serve-DjnkR6lL\lib\site-packages\django\template\base.py", line 843, in _resolve_lookup
    current = current[int(bit)]
ValueError: invalid literal for int() with base 10: 'is_popup'

During handling of the above exception, another exception occurred:

Traceback (most recent call last):
  File "C:\Users\asullom\.virtualenvs\nlotes2_serve-DjnkR6lL\lib\site-packages\django\template\base.py", line 850, in _resolve_lookup
    (bit, current))  # missing attribute
django.template.base.VariableDoesNotExist: Failed lookup for key [is_popup] in [{'True': True, 'False': False, 'None': None}, {'csrf_token': <SimpleLazyObject: <function csrf.<locals>._get_val at 0x000001C2F6CEE2F0>>, 'request': <WSGIRequest: GET '/admin/login/?next=/admin/'>, 'user': <SimpleLazyObject: <django.contrib.auth.models.AnonymousUser object at 0x000001C2F6D3D198>>, 'perms': <django.contrib.auth.context_processors.PermWrapper object at 0x000001C2F6D56A90>, 'messages': <django.contrib.messages.storage.fallback.FallbackStorage object at 0x000001C2F6D3D0F0>, 'DEFAULT_MESSAGE_LEVELS': {'DEBUG': 10, 'INFO': 20, 'SUCCESS': 25, 'WARNING': 30, 'ERROR': 40}, 'LANGUAGES': [('af', 'Afrikaans'), ('ar', 'Arabic'), ('ast', 'Asturian'), ('az', 'Azerbaijani'), ('bg', 'Bulgarian'), ('be', 'Belarusian'), ('bn', 'Bengali'), ('br', 'Breton'), ('bs', 'Bosnian'), ('ca', 'Catalan'), ('cs', 'Czech'), ('cy', 'Welsh'), ('da', 'Danish'), ('de', 'German'), ('dsb', 'Lower Sorbian'), ('el', 'Greek'), ('en', 'English'), ('en-au', 'Australian English'), ('en-gb', 'British English'), ('eo', 'Esperanto'), ('es', 'Spanish'), ('es-ar', 'Argentinian Spanish'), ('es-co', 'Colombian Spanish'), ('es-mx', 'Mexican Spanish'), ('es-ni', 'Nicaraguan Spanish'), ('es-ve', 'Venezuelan Spanish'), ('et', 'Estonian'), ('eu', 'Basque'), ('fa', 'Persian'), ('fi', 'Finnish'), ('fr', 'French'), ('fy', 'Frisian'), ('ga', 'Irish'), ('gd', 'Scottish Gaelic'), ('gl', 'Galician'), ('he', 'Hebrew'), ('hi', 'Hindi'), ('hr', 'Croatian'), ('hsb', 'Upper Sorbian'), ('hu', 'Hungarian'), ('ia', 'Interlingua'), ('id', 'Indonesian'), ('io', 'Ido'), ('is', 'Icelandic'), ('it', 'Italian'), ('ja', 'Japanese'), ('ka', 'Georgian'), ('kab', 'Kabyle'), ('kk', 'Kazakh'), ('km', 'Khmer'), ('kn', 'Kannada'), ('ko', 'Korean'), ('lb', 'Luxembourgish'), ('lt', 'Lithuanian'), ('lv', 'Latvian'), ('mk', 'Macedonian'), ('ml', 'Malayalam'), ('mn', 'Mongolian'), ('mr', 'Marathi'), ('my', 'Burmese'), ('nb', 'Norwegian Bokmål'), ('ne', 'Nepali'), ('nl', 'Dutch'), ('nn', 'Norwegian Nynorsk'), ('os', 'Ossetic'), ('pa', 'Punjabi'), ('pl', 'Polish'), ('pt', 'Portuguese'), ('pt-br', 'Brazilian Portuguese'), ('ro', 'Romanian'), ('ru', 'Russian'), ('sk', 'Slovak'), ('sl', 'Slovenian'), ('sq', 'Albanian'), ('sr', 'Serbian'), ('sr-latn', 'Serbian Latin'), ('sv', 'Swedish'), ('sw', 'Swahili'), ('ta', 'Tamil'), ('te', 'Telugu'), ('th', 'Thai'), ('tr', 'Turkish'), ('tt', 'Tatar'), ('udm', 'Udmurt'), ('uk', 'Ukrainian'), ('ur', 'Urdu'), ('vi', 'Vietnamese'), ('zh-hans', 'Simplified Chinese'), ('zh-hant', 'Traditional Chinese')], 'LANGUAGE_CODE': 'en-us', 'LANGUAGE_BIDI': False, 'MEDIA_URL': '/media/', 'STATIC_URL': '/static/', 'TIME_ZONE': 'UTC'}, {}, {'form': <AdminAuthenticationForm bound=False, valid=Unknown, fields=(username;password)>, 'view': <django.contrib.auth.views.LoginView object at 0x000001C2F6D3D2E8>, 'site_title': 'Django site admin', 'site_header': 'Django administration', 'site_url': '/', 'has_permission': False, 'available_apps': [], 'title': 'Log in', 'app_path': '/admin/login/?next=/admin/', 'username': '', 'next': '/admin/', 'site': <django.contrib.sites.requests.RequestSite object at 0x000001C2F6D3D550>, 'site_name': 'localhost:8081', 'LANGUAGE_CODE': 'en-us', 'LANGUAGE_BIDI': False}]
[14/Aug/2018 16:02:59] INFO [django.server:124] "GET /admin/login/?next=/admin/ HTTP/1.1" 200 1858
